2020-03-07 15:22:19,565 [Worker-4] INFO  c.g.t.t.d.PublishedGradleVersions - Gradle version information cache is up-to-date. Trying to read.
2020-03-07 15:23:02,329 [Worker-5] INFO  o.e.m.c.i.l.LifecycleMappingFactory - Using org.eclipse.m2e.jdt.JarLifecycleMapping lifecycle mapping for MavenProject: com.capgemini:librarymanagement:0.0.1-SNAPSHOT @ D:\final plp project\librarymanagement-master\pom.xml.
2020-03-07 15:23:03,502 [Worker-5] INFO  o.e.m.j.i.AbstractJavaProjectConfigurator - Adding source folder /librarymanagement-master/src/main/java
2020-03-07 15:23:03,521 [Worker-5] INFO  o.e.m.j.i.AbstractJavaProjectConfigurator - Adding source folder /librarymanagement-master/src/test/java
2020-03-07 15:23:03,699 [Worker-5] INFO  o.e.m.c.i.p.ProjectConfigurationManager - Imported and configured 1 project(s) in 8 sec
2020-03-07 15:23:07,169 [Worker-3] INFO  o.e.m.c.i.embedder.EclipseLogger - Using 'UTF-8' encoding to copy filtered resources.
2020-03-07 15:23:07,169 [Worker-3] INFO  o.e.m.c.i.embedder.EclipseLogger - skip non existing resourceDirectory D:\final plp project\librarymanagement-master\src\main\resources
2020-03-07 15:23:07,172 [Worker-3] INFO  o.e.m.c.i.embedder.EclipseLogger - Using 'UTF-8' encoding to copy filtered resources.
2020-03-07 15:23:07,173 [Worker-3] INFO  o.e.m.c.i.embedder.EclipseLogger - skip non existing resourceDirectory D:\final plp project\librarymanagement-master\src\test\resources
2020-03-07 15:23:46,459 [Worker-4] WARN  o.e.r.models.ModelRepository - Failed to download org.eclipse.recommenders:index::zip:0.0.0
org.eclipse.aether.resolution.ArtifactResolutionException: Could not find artifact org.eclipse.recommenders:index:zip:0.0.0-SNAPSHOT in models (http://download.eclipse.org/recommenders/models/oxygen/)
	at org.eclipse.aether.internal.impl.DefaultArtifactResolver.resolve(DefaultArtifactResolver.java:453) ~[na:na]
	at org.eclipse.aether.internal.impl.DefaultArtifactResolver.resolveArtifacts(DefaultArtifactResolver.java:255) ~[na:na]
	at org.eclipse.aether.internal.impl.DefaultArtifactResolver.resolveArtifact(DefaultArtifactResolver.java:232) ~[na:na]
	at org.eclipse.aether.internal.impl.DefaultRepositorySystem.resolveArtifact(DefaultRepositorySystem.java:303) ~[na:na]
	at org.eclipse.recommenders.models.ModelRepository.resolveInternal(ModelRepository.java:193) [org.eclipse.recommenders.models_2.5.2.v20180401-1226.jar:na]
	at org.eclipse.recommenders.models.ModelRepository.resolve(ModelRepository.java:172) [org.eclipse.recommenders.models_2.5.2.v20180401-1226.jar:na]
	at org.eclipse.recommenders.internal.models.rcp.EclipseModelRepository.resolve(EclipseModelRepository.java:168) [org.eclipse.recommenders.models.rcp_2.5.2.v20180401-1226.jar:na]
	at org.eclipse.recommenders.internal.models.rcp.DownloadModelArchiveJob.run(DownloadModelArchiveJob.java:76) [org.eclipse.recommenders.models.rcp_2.5.2.v20180401-1226.jar:na]
	at org.eclipse.core.internal.jobs.Worker.run(Worker.java:56) [org.eclipse.core.jobs_3.9.3.v20180115-1757.jar:na]
Caused by: org.eclipse.aether.transfer.ArtifactNotFoundException: Could not find artifact org.eclipse.recommenders:index:zip:0.0.0-SNAPSHOT in models (http://download.eclipse.org/recommenders/models/oxygen/)
	at org.eclipse.aether.connector.basic.ArtifactTransportListener.transferFailed(ArtifactTransportListener.java:48) ~[org.apache.maven.resolver.connector.basic_1.0.3.v20170405-0725.jar:1.0.3]
	at org.eclipse.aether.connector.basic.BasicRepositoryConnector$TaskRunner.run(BasicRepositoryConnector.java:364) ~[org.apache.maven.resolver.connector.basic_1.0.3.v20170405-0725.jar:1.0.3]
	at org.eclipse.aether.util.concurrency.RunnableErrorForwarder$1.run(RunnableErrorForwarder.java:76) ~[na:na]
	at org.eclipse.aether.connector.basic.BasicRepositoryConnector$DirectExecutor.execute(BasicRepositoryConnector.java:590) ~[org.apache.maven.resolver.connector.basic_1.0.3.v20170405-0725.jar:1.0.3]
	at org.eclipse.aether.connector.basic.BasicRepositoryConnector.get(BasicRepositoryConnector.java:258) ~[org.apache.maven.resolver.connector.basic_1.0.3.v20170405-0725.jar:1.0.3]
	at org.eclipse.aether.internal.impl.DefaultArtifactResolver.performDownloads(DefaultArtifactResolver.java:529) ~[na:na]
	at org.eclipse.aether.internal.impl.DefaultArtifactResolver.resolve(DefaultArtifactResolver.java:430) ~[na:na]
	... 8 common frames omitted
2020-03-07 15:24:11,364 [Worker-3] INFO  o.e.m.c.i.embedder.EclipseLogger - Using 'UTF-8' encoding to copy filtered resources.
2020-03-07 15:24:11,365 [Worker-3] INFO  o.e.m.c.i.embedder.EclipseLogger - skip non existing resourceDirectory D:\final plp project\librarymanagement-master\src\main\resources
2020-03-07 15:24:11,366 [Worker-3] INFO  o.e.m.c.i.embedder.EclipseLogger - Using 'UTF-8' encoding to copy filtered resources.
2020-03-07 15:24:11,366 [Worker-3] INFO  o.e.m.c.i.embedder.EclipseLogger - skip non existing resourceDirectory D:\final plp project\librarymanagement-master\src\test\resources
2020-03-07 15:24:39,237 [Worker-7] INFO  o.e.m.c.i.embedder.EclipseLogger - Using 'UTF-8' encoding to copy filtered resources.
2020-03-07 15:24:39,238 [Worker-7] INFO  o.e.m.c.i.embedder.EclipseLogger - skip non existing resourceDirectory D:\final plp project\librarymanagement-master\src\main\resources
2020-03-07 15:24:39,240 [Worker-7] INFO  o.e.m.c.i.embedder.EclipseLogger - Using 'UTF-8' encoding to copy filtered resources.
2020-03-07 15:24:39,240 [Worker-7] INFO  o.e.m.c.i.embedder.EclipseLogger - skip non existing resourceDirectory D:\final plp project\librarymanagement-master\src\test\resources
2020-03-07 15:26:30,776 [Worker-8] INFO  o.e.m.c.i.embedder.EclipseLogger - Using 'UTF-8' encoding to copy filtered resources.
2020-03-07 15:26:30,777 [Worker-8] INFO  o.e.m.c.i.embedder.EclipseLogger - skip non existing resourceDirectory D:\final plp project\librarymanagement-master\src\main\resources
2020-03-07 15:26:30,778 [Worker-8] INFO  o.e.m.c.i.embedder.EclipseLogger - Using 'UTF-8' encoding to copy filtered resources.
2020-03-07 15:26:30,778 [Worker-8] INFO  o.e.m.c.i.embedder.EclipseLogger - skip non existing resourceDirectory D:\final plp project\librarymanagement-master\src\test\resources
2020-03-07 15:26:41,873 [Worker-2] INFO  o.e.m.c.i.embedder.EclipseLogger - Using 'UTF-8' encoding to copy filtered resources.
2020-03-07 15:26:41,873 [Worker-2] INFO  o.e.m.c.i.embedder.EclipseLogger - skip non existing resourceDirectory D:\final plp project\librarymanagement-master\src\main\resources
2020-03-07 15:26:41,875 [Worker-2] INFO  o.e.m.c.i.embedder.EclipseLogger - Using 'UTF-8' encoding to copy filtered resources.
2020-03-07 15:26:41,875 [Worker-2] INFO  o.e.m.c.i.embedder.EclipseLogger - skip non existing resourceDirectory D:\final plp project\librarymanagement-master\src\test\resources
2020-03-07 15:29:00,887 [Worker-0] INFO  o.e.m.c.i.embedder.EclipseLogger - Using 'UTF-8' encoding to copy filtered resources.
2020-03-07 15:29:00,887 [Worker-0] INFO  o.e.m.c.i.embedder.EclipseLogger - skip non existing resourceDirectory D:\final plp project\librarymanagement-master\src\main\resources
2020-03-07 15:29:00,889 [Worker-0] INFO  o.e.m.c.i.embedder.EclipseLogger - Using 'UTF-8' encoding to copy filtered resources.
2020-03-07 15:29:00,889 [Worker-0] INFO  o.e.m.c.i.embedder.EclipseLogger - skip non existing resourceDirectory D:\final plp project\librarymanagement-master\src\test\resources
2020-03-07 15:37:02,309 [Worker-12] INFO  o.e.m.c.i.embedder.EclipseLogger - Using 'UTF-8' encoding to copy filtered resources.
2020-03-07 15:37:02,310 [Worker-12] INFO  o.e.m.c.i.embedder.EclipseLogger - skip non existing resourceDirectory D:\final plp project\librarymanagement-master\src\main\resources
2020-03-07 15:37:02,313 [Worker-12] INFO  o.e.m.c.i.embedder.EclipseLogger - Using 'UTF-8' encoding to copy filtered resources.
2020-03-07 15:37:02,314 [Worker-12] INFO  o.e.m.c.i.embedder.EclipseLogger - skip non existing resourceDirectory D:\final plp project\librarymanagement-master\src\test\resources
2020-03-07 15:37:03,554 [Worker-3] INFO  o.e.m.c.i.embedder.EclipseLogger - Using 'UTF-8' encoding to copy filtered resources.
2020-03-07 15:37:03,555 [Worker-3] INFO  o.e.m.c.i.embedder.EclipseLogger - skip non existing resourceDirectory D:\final plp project\librarymanagement-master\src\main\resources
2020-03-07 15:37:03,559 [Worker-3] INFO  o.e.m.c.i.embedder.EclipseLogger - Using 'UTF-8' encoding to copy filtered resources.
2020-03-07 15:37:03,559 [Worker-3] INFO  o.e.m.c.i.embedder.EclipseLogger - skip non existing resourceDirectory D:\final plp project\librarymanagement-master\src\test\resources
2020-03-07 15:37:26,318 [Worker-3] INFO  o.e.m.c.i.embedder.EclipseLogger - Using 'UTF-8' encoding to copy filtered resources.
2020-03-07 15:37:26,318 [Worker-3] INFO  o.e.m.c.i.embedder.EclipseLogger - skip non existing resourceDirectory D:\final plp project\librarymanagement-master\src\main\resources
2020-03-07 15:37:26,321 [Worker-3] INFO  o.e.m.c.i.embedder.EclipseLogger - Using 'UTF-8' encoding to copy filtered resources.
2020-03-07 15:37:26,321 [Worker-3] INFO  o.e.m.c.i.embedder.EclipseLogger - skip non existing resourceDirectory D:\final plp project\librarymanagement-master\src\test\resources
2020-03-07 15:37:30,343 [Worker-13] INFO  o.e.m.c.i.embedder.EclipseLogger - Using 'UTF-8' encoding to copy filtered resources.
2020-03-07 15:37:30,343 [Worker-13] INFO  o.e.m.c.i.embedder.EclipseLogger - skip non existing resourceDirectory D:\final plp project\librarymanagement-master\src\main\resources
2020-03-07 15:37:30,345 [Worker-13] INFO  o.e.m.c.i.embedder.EclipseLogger - Using 'UTF-8' encoding to copy filtered resources.
2020-03-07 15:37:30,345 [Worker-13] INFO  o.e.m.c.i.embedder.EclipseLogger - skip non existing resourceDirectory D:\final plp project\librarymanagement-master\src\test\resources
2020-03-07 15:52:10,147 [Worker-19] INFO  o.e.m.c.i.embedder.EclipseLogger - Using 'UTF-8' encoding to copy filtered resources.
2020-03-07 15:52:10,147 [Worker-19] INFO  o.e.m.c.i.embedder.EclipseLogger - skip non existing resourceDirectory D:\final plp project\librarymanagement-master\src\main\resources
2020-03-07 15:52:10,149 [Worker-19] INFO  o.e.m.c.i.embedder.EclipseLogger - Using 'UTF-8' encoding to copy filtered resources.
2020-03-07 15:52:10,150 [Worker-19] INFO  o.e.m.c.i.embedder.EclipseLogger - skip non existing resourceDirectory D:\final plp project\librarymanagement-master\src\test\resources
2020-03-07 15:53:01,911 [Worker-19] INFO  o.e.m.c.i.embedder.EclipseLogger - Using 'UTF-8' encoding to copy filtered resources.
2020-03-07 15:53:01,911 [Worker-19] INFO  o.e.m.c.i.embedder.EclipseLogger - skip non existing resourceDirectory D:\final plp project\librarymanagement-master\src\main\resources
2020-03-07 15:53:01,913 [Worker-19] INFO  o.e.m.c.i.embedder.EclipseLogger - Using 'UTF-8' encoding to copy filtered resources.
2020-03-07 15:53:01,914 [Worker-19] INFO  o.e.m.c.i.embedder.EclipseLogger - skip non existing resourceDirectory D:\final plp project\librarymanagement-master\src\test\resources
2020-03-07 16:14:38,156 [Worker-31] INFO  o.e.m.c.i.l.LifecycleMappingFactory - Using org.eclipse.m2e.jdt.JarLifecycleMapping lifecycle mapping for MavenProject: com.capgemini:librarymanagement:0.0.1-SNAPSHOT @ D:\final plp project\librarymanagement-master\pom.xml.
2020-03-07 16:14:38,554 [Worker-31] INFO  o.e.m.c.i.embedder.EclipseLogger - Using 'UTF-8' encoding to copy filtered resources.
2020-03-07 16:14:38,555 [Worker-31] INFO  o.e.m.c.i.embedder.EclipseLogger - skip non existing resourceDirectory D:\final plp project\librarymanagement-master\src\main\resources
2020-03-07 16:14:38,557 [Worker-31] INFO  o.e.m.c.i.embedder.EclipseLogger - Using 'UTF-8' encoding to copy filtered resources.
2020-03-07 16:14:38,558 [Worker-31] INFO  o.e.m.c.i.embedder.EclipseLogger - skip non existing resourceDirectory D:\final plp project\librarymanagement-master\src\test\resources
2020-03-07 16:14:40,374 [Worker-31] INFO  o.e.m.c.i.embedder.EclipseLogger - Using 'UTF-8' encoding to copy filtered resources.
2020-03-07 16:14:40,374 [Worker-31] INFO  o.e.m.c.i.embedder.EclipseLogger - skip non existing resourceDirectory D:\final plp project\librarymanagement-master\src\main\resources
2020-03-07 16:14:40,376 [Worker-31] INFO  o.e.m.c.i.embedder.EclipseLogger - Using 'UTF-8' encoding to copy filtered resources.
2020-03-07 16:14:40,376 [Worker-31] INFO  o.e.m.c.i.embedder.EclipseLogger - skip non existing resourceDirectory D:\final plp project\librarymanagement-master\src\test\resources
2020-03-07 16:14:51,924 [Worker-35] INFO  o.e.m.c.i.p.ProjectConfigurationManager - Update started
2020-03-07 16:14:52,430 [Worker-35] INFO  o.e.m.c.i.l.LifecycleMappingFactory - Using org.eclipse.m2e.jdt.JarLifecycleMapping lifecycle mapping for MavenProject: com.capgemini:librarymanagement:0.0.1-SNAPSHOT @ D:\final plp project\librarymanagement-master\pom.xml.
2020-03-07 16:14:52,639 [Worker-35] INFO  o.e.m.j.i.AbstractJavaProjectConfigurator - Adding source folder /librarymanagement-master/src/main/java
2020-03-07 16:14:52,640 [Worker-35] INFO  o.e.m.j.i.AbstractJavaProjectConfigurator - Adding source folder /librarymanagement-master/src/test/java
2020-03-07 16:14:52,884 [Worker-35] INFO  o.e.m.c.i.p.ProjectConfigurationManager - Update completed: 0 sec
2020-03-07 16:14:53,389 [Worker-35] INFO  o.e.m.c.i.embedder.EclipseLogger - Using 'UTF-8' encoding to copy filtered resources.
2020-03-07 16:14:53,390 [Worker-35] INFO  o.e.m.c.i.embedder.EclipseLogger - skip non existing resourceDirectory D:\final plp project\librarymanagement-master\src\main\resources
2020-03-07 16:14:53,391 [Worker-35] INFO  o.e.m.c.i.embedder.EclipseLogger - Using 'UTF-8' encoding to copy filtered resources.
2020-03-07 16:14:53,392 [Worker-35] INFO  o.e.m.c.i.embedder.EclipseLogger - skip non existing resourceDirectory D:\final plp project\librarymanagement-master\src\test\resources
2020-03-07 16:15:33,802 [Worker-5] INFO  o.e.m.c.i.embedder.EclipseLogger - Using 'UTF-8' encoding to copy filtered resources.
2020-03-07 16:15:33,802 [Worker-5] INFO  o.e.m.c.i.embedder.EclipseLogger - skip non existing resourceDirectory D:\final plp project\librarymanagement-master\src\main\resources
2020-03-07 16:15:33,804 [Worker-5] INFO  o.e.m.c.i.embedder.EclipseLogger - Using 'UTF-8' encoding to copy filtered resources.
2020-03-07 16:15:33,804 [Worker-5] INFO  o.e.m.c.i.embedder.EclipseLogger - skip non existing resourceDirectory D:\final plp project\librarymanagement-master\src\test\resources
2020-03-07 16:15:40,007 [Worker-36] INFO  o.e.m.c.i.embedder.EclipseLogger - Using 'UTF-8' encoding to copy filtered resources.
2020-03-07 16:15:40,007 [Worker-36] INFO  o.e.m.c.i.embedder.EclipseLogger - skip non existing resourceDirectory D:\final plp project\librarymanagement-master\src\main\resources
2020-03-07 16:15:40,009 [Worker-36] INFO  o.e.m.c.i.embedder.EclipseLogger - Using 'UTF-8' encoding to copy filtered resources.
2020-03-07 16:15:40,009 [Worker-36] INFO  o.e.m.c.i.embedder.EclipseLogger - skip non existing resourceDirectory D:\final plp project\librarymanagement-master\src\test\resources
2020-03-07 16:15:48,437 [Worker-39] INFO  o.e.m.c.i.embedder.EclipseLogger - Using 'UTF-8' encoding to copy filtered resources.
2020-03-07 16:15:48,437 [Worker-39] INFO  o.e.m.c.i.embedder.EclipseLogger - skip non existing resourceDirectory D:\final plp project\librarymanagement-master\src\main\resources
2020-03-07 16:15:48,444 [Worker-39] INFO  o.e.m.c.i.embedder.EclipseLogger - Using 'UTF-8' encoding to copy filtered resources.
2020-03-07 16:15:48,444 [Worker-39] INFO  o.e.m.c.i.embedder.EclipseLogger - skip non existing resourceDirectory D:\final plp project\librarymanagement-master\src\test\resources
2020-03-07 16:16:03,364 [Worker-40] INFO  o.e.m.c.i.embedder.EclipseLogger - Using 'UTF-8' encoding to copy filtered resources.
2020-03-07 16:16:03,364 [Worker-40] INFO  o.e.m.c.i.embedder.EclipseLogger - skip non existing resourceDirectory D:\final plp project\librarymanagement-master\src\main\resources
2020-03-07 16:16:03,365 [Worker-40] INFO  o.e.m.c.i.embedder.EclipseLogger - Using 'UTF-8' encoding to copy filtered resources.
2020-03-07 16:16:03,366 [Worker-40] INFO  o.e.m.c.i.embedder.EclipseLogger - skip non existing resourceDirectory D:\final plp project\librarymanagement-master\src\test\resources
2020-03-07 16:16:52,862 [Worker-31] INFO  o.e.m.c.i.embedder.EclipseLogger - Using 'UTF-8' encoding to copy filtered resources.
2020-03-07 16:16:52,863 [Worker-31] INFO  o.e.m.c.i.embedder.EclipseLogger - skip non existing resourceDirectory D:\final plp project\librarymanagement-master\src\main\resources
2020-03-07 16:16:52,864 [Worker-31] INFO  o.e.m.c.i.embedder.EclipseLogger - Using 'UTF-8' encoding to copy filtered resources.
2020-03-07 16:16:52,864 [Worker-31] INFO  o.e.m.c.i.embedder.EclipseLogger - skip non existing resourceDirectory D:\final plp project\librarymanagement-master\src\test\resources
2020-03-07 16:17:08,493 [Worker-35] INFO  o.e.m.c.i.embedder.EclipseLogger - Using 'UTF-8' encoding to copy filtered resources.
2020-03-07 16:17:08,493 [Worker-35] INFO  o.e.m.c.i.embedder.EclipseLogger - skip non existing resourceDirectory D:\final plp project\librarymanagement-master\src\main\resources
2020-03-07 16:17:08,494 [Worker-35] INFO  o.e.m.c.i.embedder.EclipseLogger - Using 'UTF-8' encoding to copy filtered resources.
2020-03-07 16:17:08,494 [Worker-35] INFO  o.e.m.c.i.embedder.EclipseLogger - skip non existing resourceDirectory D:\final plp project\librarymanagement-master\src\test\resources
2020-03-07 16:17:26,878 [Worker-31] INFO  o.e.m.c.i.embedder.EclipseLogger - Using 'UTF-8' encoding to copy filtered resources.
2020-03-07 16:17:26,878 [Worker-31] INFO  o.e.m.c.i.embedder.EclipseLogger - skip non existing resourceDirectory D:\final plp project\librarymanagement-master\src\main\resources
2020-03-07 16:17:26,882 [Worker-31] INFO  o.e.m.c.i.embedder.EclipseLogger - Using 'UTF-8' encoding to copy filtered resources.
2020-03-07 16:17:26,882 [Worker-31] INFO  o.e.m.c.i.embedder.EclipseLogger - skip non existing resourceDirectory D:\final plp project\librarymanagement-master\src\test\resources
2020-03-08 15:16:47,403 [Worker-61] INFO  o.e.m.c.i.embedder.EclipseLogger - Using 'UTF-8' encoding to copy filtered resources.
2020-03-08 15:16:47,425 [Worker-61] INFO  o.e.m.c.i.embedder.EclipseLogger - skip non existing resourceDirectory D:\final plp project\librarymanagement-master\src\main\resources
2020-03-08 15:16:47,431 [Worker-61] INFO  o.e.m.c.i.embedder.EclipseLogger - Using 'UTF-8' encoding to copy filtered resources.
2020-03-08 15:16:47,442 [Worker-61] INFO  o.e.m.c.i.embedder.EclipseLogger - skip non existing resourceDirectory D:\final plp project\librarymanagement-master\src\test\resources
2020-03-08 15:18:12,058 [Worker-72] INFO  o.e.m.c.i.embedder.EclipseLogger - Using 'UTF-8' encoding to copy filtered resources.
2020-03-08 15:18:12,059 [Worker-72] INFO  o.e.m.c.i.embedder.EclipseLogger - skip non existing resourceDirectory D:\final plp project\librarymanagement-master\src\main\resources
2020-03-08 15:18:12,065 [Worker-72] INFO  o.e.m.c.i.embedder.EclipseLogger - Using 'UTF-8' encoding to copy filtered resources.
2020-03-08 15:18:12,065 [Worker-72] INFO  o.e.m.c.i.embedder.EclipseLogger - skip non existing resourceDirectory D:\final plp project\librarymanagement-master\src\test\resources
2020-03-08 15:20:00,063 [Worker-73] INFO  o.e.m.c.i.embedder.EclipseLogger - Using 'UTF-8' encoding to copy filtered resources.
2020-03-08 15:20:00,064 [Worker-73] INFO  o.e.m.c.i.embedder.EclipseLogger - skip non existing resourceDirectory D:\final plp project\librarymanagement-master\src\main\resources
2020-03-08 15:20:00,065 [Worker-73] INFO  o.e.m.c.i.embedder.EclipseLogger - Using 'UTF-8' encoding to copy filtered resources.
2020-03-08 15:20:00,065 [Worker-73] INFO  o.e.m.c.i.embedder.EclipseLogger - skip non existing resourceDirectory D:\final plp project\librarymanagement-master\src\test\resources
2020-03-08 15:20:20,222 [Worker-72] INFO  o.e.m.c.i.embedder.EclipseLogger - Using 'UTF-8' encoding to copy filtered resources.
2020-03-08 15:20:20,223 [Worker-72] INFO  o.e.m.c.i.embedder.EclipseLogger - skip non existing resourceDirectory D:\final plp project\librarymanagement-master\src\main\resources
2020-03-08 15:20:20,225 [Worker-72] INFO  o.e.m.c.i.embedder.EclipseLogger - Using 'UTF-8' encoding to copy filtered resources.
2020-03-08 15:20:20,225 [Worker-72] INFO  o.e.m.c.i.embedder.EclipseLogger - skip non existing resourceDirectory D:\final plp project\librarymanagement-master\src\test\resources
2020-03-08 15:33:02,220 [Worker-84] INFO  o.e.m.c.i.embedder.EclipseLogger - Using 'UTF-8' encoding to copy filtered resources.
2020-03-08 15:33:02,220 [Worker-84] INFO  o.e.m.c.i.embedder.EclipseLogger - skip non existing resourceDirectory D:\final plp project\librarymanagement-master\src\main\resources
2020-03-08 15:33:02,222 [Worker-84] INFO  o.e.m.c.i.embedder.EclipseLogger - Using 'UTF-8' encoding to copy filtered resources.
2020-03-08 15:33:02,222 [Worker-84] INFO  o.e.m.c.i.embedder.EclipseLogger - skip non existing resourceDirectory D:\final plp project\librarymanagement-master\src\test\resources
2020-03-08 15:33:34,548 [Worker-86] INFO  o.e.m.c.i.embedder.EclipseLogger - Using 'UTF-8' encoding to copy filtered resources.
2020-03-08 15:33:34,548 [Worker-86] INFO  o.e.m.c.i.embedder.EclipseLogger - skip non existing resourceDirectory D:\final plp project\librarymanagement-master\src\main\resources
2020-03-08 15:33:34,549 [Worker-86] INFO  o.e.m.c.i.embedder.EclipseLogger - Using 'UTF-8' encoding to copy filtered resources.
2020-03-08 15:33:34,549 [Worker-86] INFO  o.e.m.c.i.embedder.EclipseLogger - skip non existing resourceDirectory D:\final plp project\librarymanagement-master\src\test\resources
2020-03-08 15:36:47,550 [Worker-43] INFO  o.e.m.c.i.embedder.EclipseLogger - Using 'UTF-8' encoding to copy filtered resources.
2020-03-08 15:36:47,550 [Worker-43] INFO  o.e.m.c.i.embedder.EclipseLogger - skip non existing resourceDirectory D:\final plp project\librarymanagement-master\src\main\resources
2020-03-08 15:36:47,551 [Worker-43] INFO  o.e.m.c.i.embedder.EclipseLogger - Using 'UTF-8' encoding to copy filtered resources.
2020-03-08 15:36:47,552 [Worker-43] INFO  o.e.m.c.i.embedder.EclipseLogger - skip non existing resourceDirectory D:\final plp project\librarymanagement-master\src\test\resources
2020-03-08 15:37:42,796 [Worker-85] INFO  o.e.m.c.i.embedder.EclipseLogger - Using 'UTF-8' encoding to copy filtered resources.
2020-03-08 15:37:42,797 [Worker-85] INFO  o.e.m.c.i.embedder.EclipseLogger - skip non existing resourceDirectory D:\final plp project\librarymanagement-master\src\main\resources
2020-03-08 15:37:42,799 [Worker-85] INFO  o.e.m.c.i.embedder.EclipseLogger - Using 'UTF-8' encoding to copy filtered resources.
2020-03-08 15:37:42,799 [Worker-85] INFO  o.e.m.c.i.embedder.EclipseLogger - skip non existing resourceDirectory D:\final plp project\librarymanagement-master\src\test\resources
2020-03-08 15:38:21,092 [Worker-85] INFO  o.e.m.c.i.embedder.EclipseLogger - Using 'UTF-8' encoding to copy filtered resources.
2020-03-08 15:38:21,092 [Worker-85] INFO  o.e.m.c.i.embedder.EclipseLogger - skip non existing resourceDirectory D:\final plp project\librarymanagement-master\src\main\resources
2020-03-08 15:38:21,097 [Worker-85] INFO  o.e.m.c.i.embedder.EclipseLogger - Using 'UTF-8' encoding to copy filtered resources.
2020-03-08 15:38:21,097 [Worker-85] INFO  o.e.m.c.i.embedder.EclipseLogger - skip non existing resourceDirectory D:\final plp project\librarymanagement-master\src\test\resources
2020-03-08 15:41:08,277 [Worker-90] INFO  o.e.m.c.i.embedder.EclipseLogger - Using 'UTF-8' encoding to copy filtered resources.
2020-03-08 15:41:08,277 [Worker-90] INFO  o.e.m.c.i.embedder.EclipseLogger - skip non existing resourceDirectory D:\final plp project\librarymanagement-master\src\main\resources
2020-03-08 15:41:08,279 [Worker-90] INFO  o.e.m.c.i.embedder.EclipseLogger - Using 'UTF-8' encoding to copy filtered resources.
2020-03-08 15:41:08,279 [Worker-90] INFO  o.e.m.c.i.embedder.EclipseLogger - skip non existing resourceDirectory D:\final plp project\librarymanagement-master\src\test\resources
2020-03-08 15:45:17,554 [Worker-94] INFO  o.e.m.c.i.embedder.EclipseLogger - Using 'UTF-8' encoding to copy filtered resources.
2020-03-08 15:45:17,554 [Worker-94] INFO  o.e.m.c.i.embedder.EclipseLogger - skip non existing resourceDirectory D:\final plp project\librarymanagement-master\src\main\resources
2020-03-08 15:45:17,556 [Worker-94] INFO  o.e.m.c.i.embedder.EclipseLogger - Using 'UTF-8' encoding to copy filtered resources.
2020-03-08 15:45:17,556 [Worker-94] INFO  o.e.m.c.i.embedder.EclipseLogger - skip non existing resourceDirectory D:\final plp project\librarymanagement-master\src\test\resources
2020-03-08 15:51:17,217 [Worker-98] INFO  o.e.m.c.i.embedder.EclipseLogger - Using 'UTF-8' encoding to copy filtered resources.
2020-03-08 15:51:17,217 [Worker-98] INFO  o.e.m.c.i.embedder.EclipseLogger - skip non existing resourceDirectory D:\final plp project\librarymanagement-master\src\main\resources
2020-03-08 15:51:17,218 [Worker-98] INFO  o.e.m.c.i.embedder.EclipseLogger - Using 'UTF-8' encoding to copy filtered resources.
2020-03-08 15:51:17,218 [Worker-98] INFO  o.e.m.c.i.embedder.EclipseLogger - skip non existing resourceDirectory D:\final plp project\librarymanagement-master\src\test\resources
2020-03-08 15:58:28,039 [Worker-95] INFO  o.e.m.c.i.embedder.EclipseLogger - Using 'UTF-8' encoding to copy filtered resources.
2020-03-08 15:58:28,039 [Worker-95] INFO  o.e.m.c.i.embedder.EclipseLogger - skip non existing resourceDirectory D:\final plp project\librarymanagement-master\src\main\resources
2020-03-08 15:58:28,040 [Worker-95] INFO  o.e.m.c.i.embedder.EclipseLogger - Using 'UTF-8' encoding to copy filtered resources.
2020-03-08 15:58:28,040 [Worker-95] INFO  o.e.m.c.i.embedder.EclipseLogger - skip non existing resourceDirectory D:\final plp project\librarymanagement-master\src\test\resources
2020-03-08 15:59:45,190 [Worker-101] INFO  o.e.m.c.i.embedder.EclipseLogger - Using 'UTF-8' encoding to copy filtered resources.
2020-03-08 15:59:45,190 [Worker-101] INFO  o.e.m.c.i.embedder.EclipseLogger - skip non existing resourceDirectory D:\final plp project\librarymanagement-master\src\main\resources
2020-03-08 15:59:45,191 [Worker-101] INFO  o.e.m.c.i.embedder.EclipseLogger - Using 'UTF-8' encoding to copy filtered resources.
2020-03-08 15:59:45,191 [Worker-101] INFO  o.e.m.c.i.embedder.EclipseLogger - skip non existing resourceDirectory D:\final plp project\librarymanagement-master\src\test\resources
2020-03-08 16:02:04,603 [Worker-105] INFO  o.e.m.c.i.embedder.EclipseLogger - Using 'UTF-8' encoding to copy filtered resources.
2020-03-08 16:02:04,603 [Worker-105] INFO  o.e.m.c.i.embedder.EclipseLogger - skip non existing resourceDirectory D:\final plp project\librarymanagement-master\src\main\resources
2020-03-08 16:02:04,604 [Worker-105] INFO  o.e.m.c.i.embedder.EclipseLogger - Using 'UTF-8' encoding to copy filtered resources.
2020-03-08 16:02:04,605 [Worker-105] INFO  o.e.m.c.i.embedder.EclipseLogger - skip non existing resourceDirectory D:\final plp project\librarymanagement-master\src\test\resources
2020-03-08 16:13:37,176 [Worker-88] INFO  o.e.m.c.i.embedder.EclipseLogger - Using 'UTF-8' encoding to copy filtered resources.
2020-03-08 16:13:37,177 [Worker-88] INFO  o.e.m.c.i.embedder.EclipseLogger - skip non existing resourceDirectory D:\final plp project\librarymanagement-master\src\main\resources
2020-03-08 16:13:37,178 [Worker-88] INFO  o.e.m.c.i.embedder.EclipseLogger - Using 'UTF-8' encoding to copy filtered resources.
2020-03-08 16:13:37,178 [Worker-88] INFO  o.e.m.c.i.embedder.EclipseLogger - skip non existing resourceDirectory D:\final plp project\librarymanagement-master\src\test\resources
2020-03-08 16:17:21,596 [Worker-106] INFO  o.e.m.c.i.embedder.EclipseLogger - Using 'UTF-8' encoding to copy filtered resources.
2020-03-08 16:17:21,596 [Worker-106] INFO  o.e.m.c.i.embedder.EclipseLogger - skip non existing resourceDirectory D:\final plp project\librarymanagement-master\src\main\resources
2020-03-08 16:17:21,600 [Worker-106] INFO  o.e.m.c.i.embedder.EclipseLogger - Using 'UTF-8' encoding to copy filtered resources.
2020-03-08 16:17:21,600 [Worker-106] INFO  o.e.m.c.i.embedder.EclipseLogger - skip non existing resourceDirectory D:\final plp project\librarymanagement-master\src\test\resources
2020-03-08 16:17:33,209 [Worker-90] INFO  o.e.m.c.i.embedder.EclipseLogger - Using 'UTF-8' encoding to copy filtered resources.
2020-03-08 16:17:33,210 [Worker-90] INFO  o.e.m.c.i.embedder.EclipseLogger - skip non existing resourceDirectory D:\final plp project\librarymanagement-master\src\main\resources
2020-03-08 16:17:33,211 [Worker-90] INFO  o.e.m.c.i.embedder.EclipseLogger - Using 'UTF-8' encoding to copy filtered resources.
2020-03-08 16:17:33,211 [Worker-90] INFO  o.e.m.c.i.embedder.EclipseLogger - skip non existing resourceDirectory D:\final plp project\librarymanagement-master\src\test\resources
2020-03-08 16:24:18,105 [Worker-106] INFO  o.e.m.c.i.embedder.EclipseLogger - Using 'UTF-8' encoding to copy filtered resources.
2020-03-08 16:24:18,105 [Worker-106] INFO  o.e.m.c.i.embedder.EclipseLogger - skip non existing resourceDirectory D:\final plp project\librarymanagement-master\src\main\resources
2020-03-08 16:24:18,107 [Worker-106] INFO  o.e.m.c.i.embedder.EclipseLogger - Using 'UTF-8' encoding to copy filtered resources.
2020-03-08 16:24:18,107 [Worker-106] INFO  o.e.m.c.i.embedder.EclipseLogger - skip non existing resourceDirectory D:\final plp project\librarymanagement-master\src\test\resources
2020-03-08 16:25:14,787 [Worker-110] INFO  o.e.m.c.i.embedder.EclipseLogger - Using 'UTF-8' encoding to copy filtered resources.
2020-03-08 16:25:14,787 [Worker-110] INFO  o.e.m.c.i.embedder.EclipseLogger - skip non existing resourceDirectory D:\final plp project\librarymanagement-master\src\main\resources
2020-03-08 16:25:14,788 [Worker-110] INFO  o.e.m.c.i.embedder.EclipseLogger - Using 'UTF-8' encoding to copy filtered resources.
2020-03-08 16:25:14,788 [Worker-110] INFO  o.e.m.c.i.embedder.EclipseLogger - skip non existing resourceDirectory D:\final plp project\librarymanagement-master\src\test\resources
2020-03-08 16:25:58,664 [Worker-113] INFO  o.e.m.c.i.embedder.EclipseLogger - Using 'UTF-8' encoding to copy filtered resources.
2020-03-08 16:25:58,665 [Worker-113] INFO  o.e.m.c.i.embedder.EclipseLogger - skip non existing resourceDirectory D:\final plp project\librarymanagement-master\src\main\resources
2020-03-08 16:25:58,666 [Worker-113] INFO  o.e.m.c.i.embedder.EclipseLogger - Using 'UTF-8' encoding to copy filtered resources.
2020-03-08 16:25:58,666 [Worker-113] INFO  o.e.m.c.i.embedder.EclipseLogger - skip non existing resourceDirectory D:\final plp project\librarymanagement-master\src\test\resources
2020-03-08 16:26:44,301 [Worker-106] INFO  o.e.m.c.i.embedder.EclipseLogger - Using 'UTF-8' encoding to copy filtered resources.
2020-03-08 16:26:44,301 [Worker-106] INFO  o.e.m.c.i.embedder.EclipseLogger - skip non existing resourceDirectory D:\final plp project\librarymanagement-master\src\main\resources
2020-03-08 16:26:44,302 [Worker-106] INFO  o.e.m.c.i.embedder.EclipseLogger - Using 'UTF-8' encoding to copy filtered resources.
2020-03-08 16:26:44,303 [Worker-106] INFO  o.e.m.c.i.embedder.EclipseLogger - skip non existing resourceDirectory D:\final plp project\librarymanagement-master\src\test\resources
2020-03-08 16:27:06,700 [Worker-106] INFO  o.e.m.c.i.embedder.EclipseLogger - Using 'UTF-8' encoding to copy filtered resources.
2020-03-08 16:27:06,701 [Worker-106] INFO  o.e.m.c.i.embedder.EclipseLogger - skip non existing resourceDirectory D:\final plp project\librarymanagement-master\src\main\resources
2020-03-08 16:27:06,704 [Worker-106] INFO  o.e.m.c.i.embedder.EclipseLogger - Using 'UTF-8' encoding to copy filtered resources.
2020-03-08 16:27:06,704 [Worker-106] INFO  o.e.m.c.i.embedder.EclipseLogger - skip non existing resourceDirectory D:\final plp project\librarymanagement-master\src\test\resources
2020-03-08 16:27:19,362 [Worker-113] INFO  o.e.m.c.i.embedder.EclipseLogger - Using 'UTF-8' encoding to copy filtered resources.
2020-03-08 16:27:19,362 [Worker-113] INFO  o.e.m.c.i.embedder.EclipseLogger - skip non existing resourceDirectory D:\final plp project\librarymanagement-master\src\main\resources
2020-03-08 16:27:19,364 [Worker-113] INFO  o.e.m.c.i.embedder.EclipseLogger - Using 'UTF-8' encoding to copy filtered resources.
2020-03-08 16:27:19,364 [Worker-113] INFO  o.e.m.c.i.embedder.EclipseLogger - skip non existing resourceDirectory D:\final plp project\librarymanagement-master\src\test\resources
2020-03-08 16:30:16,966 [Worker-113] INFO  o.e.m.c.i.embedder.EclipseLogger - Using 'UTF-8' encoding to copy filtered resources.
2020-03-08 16:30:16,966 [Worker-113] INFO  o.e.m.c.i.embedder.EclipseLogger - skip non existing resourceDirectory D:\final plp project\librarymanagement-master\src\main\resources
2020-03-08 16:30:16,968 [Worker-113] INFO  o.e.m.c.i.embedder.EclipseLogger - Using 'UTF-8' encoding to copy filtered resources.
2020-03-08 16:30:16,968 [Worker-113] INFO  o.e.m.c.i.embedder.EclipseLogger - skip non existing resourceDirectory D:\final plp project\librarymanagement-master\src\test\resources
2020-03-08 16:48:33,527 [Worker-127] INFO  o.e.m.c.i.embedder.EclipseLogger - Using 'UTF-8' encoding to copy filtered resources.
2020-03-08 16:48:33,527 [Worker-127] INFO  o.e.m.c.i.embedder.EclipseLogger - skip non existing resourceDirectory D:\final plp project\librarymanagement-master\src\main\resources
2020-03-08 16:48:33,528 [Worker-127] INFO  o.e.m.c.i.embedder.EclipseLogger - Using 'UTF-8' encoding to copy filtered resources.
2020-03-08 16:48:33,529 [Worker-127] INFO  o.e.m.c.i.embedder.EclipseLogger - skip non existing resourceDirectory D:\final plp project\librarymanagement-master\src\test\resources
2020-03-08 16:48:44,382 [Worker-113] INFO  o.e.m.c.i.embedder.EclipseLogger - Using 'UTF-8' encoding to copy filtered resources.
2020-03-08 16:48:44,383 [Worker-113] INFO  o.e.m.c.i.embedder.EclipseLogger - skip non existing resourceDirectory D:\final plp project\librarymanagement-master\src\main\resources
2020-03-08 16:48:44,384 [Worker-113] INFO  o.e.m.c.i.embedder.EclipseLogger - Using 'UTF-8' encoding to copy filtered resources.
2020-03-08 16:48:44,384 [Worker-113] INFO  o.e.m.c.i.embedder.EclipseLogger - skip non existing resourceDirectory D:\final plp project\librarymanagement-master\src\test\resources
2020-03-08 16:54:46,917 [Worker-128] INFO  o.e.m.c.i.embedder.EclipseLogger - Using 'UTF-8' encoding to copy filtered resources.
2020-03-08 16:54:46,918 [Worker-128] INFO  o.e.m.c.i.embedder.EclipseLogger - skip non existing resourceDirectory D:\final plp project\librarymanagement-master\src\main\resources
2020-03-08 16:54:46,919 [Worker-128] INFO  o.e.m.c.i.embedder.EclipseLogger - Using 'UTF-8' encoding to copy filtered resources.
2020-03-08 16:54:46,919 [Worker-128] INFO  o.e.m.c.i.embedder.EclipseLogger - skip non existing resourceDirectory D:\final plp project\librarymanagement-master\src\test\resources
2020-03-08 17:10:49,403 [Worker-135] INFO  o.e.m.c.i.embedder.EclipseLogger - Using 'UTF-8' encoding to copy filtered resources.
2020-03-08 17:10:49,403 [Worker-135] INFO  o.e.m.c.i.embedder.EclipseLogger - skip non existing resourceDirectory D:\final plp project\librarymanagement-master\src\main\resources
2020-03-08 17:10:49,405 [Worker-135] INFO  o.e.m.c.i.embedder.EclipseLogger - Using 'UTF-8' encoding to copy filtered resources.
2020-03-08 17:10:49,405 [Worker-135] INFO  o.e.m.c.i.embedder.EclipseLogger - skip non existing resourceDirectory D:\final plp project\librarymanagement-master\src\test\resources
2020-03-08 17:11:22,702 [Worker-133] INFO  o.e.m.c.i.embedder.EclipseLogger - Using 'UTF-8' encoding to copy filtered resources.
2020-03-08 17:11:22,703 [Worker-133] INFO  o.e.m.c.i.embedder.EclipseLogger - skip non existing resourceDirectory D:\final plp project\librarymanagement-master\src\main\resources
2020-03-08 17:11:22,704 [Worker-133] INFO  o.e.m.c.i.embedder.EclipseLogger - Using 'UTF-8' encoding to copy filtered resources.
2020-03-08 17:11:22,705 [Worker-133] INFO  o.e.m.c.i.embedder.EclipseLogger - skip non existing resourceDirectory D:\final plp project\librarymanagement-master\src\test\resources
2020-03-08 17:11:55,620 [Worker-133] INFO  o.e.m.c.i.embedder.EclipseLogger - Using 'UTF-8' encoding to copy filtered resources.
2020-03-08 17:11:55,620 [Worker-133] INFO  o.e.m.c.i.embedder.EclipseLogger - skip non existing resourceDirectory D:\final plp project\librarymanagement-master\src\main\resources
2020-03-08 17:11:55,622 [Worker-133] INFO  o.e.m.c.i.embedder.EclipseLogger - Using 'UTF-8' encoding to copy filtered resources.
2020-03-08 17:11:55,622 [Worker-133] INFO  o.e.m.c.i.embedder.EclipseLogger - skip non existing resourceDirectory D:\final plp project\librarymanagement-master\src\test\resources
2020-03-08 17:12:57,134 [Worker-132] INFO  o.e.m.c.i.embedder.EclipseLogger - Using 'UTF-8' encoding to copy filtered resources.
2020-03-08 17:12:57,134 [Worker-132] INFO  o.e.m.c.i.embedder.EclipseLogger - skip non existing resourceDirectory D:\final plp project\librarymanagement-master\src\main\resources
2020-03-08 17:12:57,136 [Worker-132] INFO  o.e.m.c.i.embedder.EclipseLogger - Using 'UTF-8' encoding to copy filtered resources.
2020-03-08 17:12:57,136 [Worker-132] INFO  o.e.m.c.i.embedder.EclipseLogger - skip non existing resourceDirectory D:\final plp project\librarymanagement-master\src\test\resources
2020-03-08 17:16:33,050 [Worker-132] INFO  o.e.m.c.i.embedder.EclipseLogger - Using 'UTF-8' encoding to copy filtered resources.
2020-03-08 17:16:33,050 [Worker-132] INFO  o.e.m.c.i.embedder.EclipseLogger - skip non existing resourceDirectory D:\final plp project\librarymanagement-master\src\main\resources
2020-03-08 17:16:33,050 [Worker-132] INFO  o.e.m.c.i.embedder.EclipseLogger - Using 'UTF-8' encoding to copy filtered resources.
2020-03-08 17:16:33,051 [Worker-132] INFO  o.e.m.c.i.embedder.EclipseLogger - skip non existing resourceDirectory D:\final plp project\librarymanagement-master\src\test\resources
2020-03-08 17:22:28,399 [Worker-138] INFO  o.e.m.c.i.embedder.EclipseLogger - Using 'UTF-8' encoding to copy filtered resources.
2020-03-08 17:22:28,400 [Worker-138] INFO  o.e.m.c.i.embedder.EclipseLogger - skip non existing resourceDirectory D:\final plp project\librarymanagement-master\src\main\resources
2020-03-08 17:22:28,401 [Worker-138] INFO  o.e.m.c.i.embedder.EclipseLogger - Using 'UTF-8' encoding to copy filtered resources.
2020-03-08 17:22:28,401 [Worker-138] INFO  o.e.m.c.i.embedder.EclipseLogger - skip non existing resourceDirectory D:\final plp project\librarymanagement-master\src\test\resources
2020-03-08 17:25:29,493 [Worker-132] INFO  o.e.m.c.i.embedder.EclipseLogger - Using 'UTF-8' encoding to copy filtered resources.
2020-03-08 17:25:29,493 [Worker-132] INFO  o.e.m.c.i.embedder.EclipseLogger - skip non existing resourceDirectory D:\final plp project\librarymanagement-master\src\main\resources
2020-03-08 17:25:29,494 [Worker-132] INFO  o.e.m.c.i.embedder.EclipseLogger - Using 'UTF-8' encoding to copy filtered resources.
2020-03-08 17:25:29,495 [Worker-132] INFO  o.e.m.c.i.embedder.EclipseLogger - skip non existing resourceDirectory D:\final plp project\librarymanagement-master\src\test\resources
2020-03-08 17:25:58,000 [Worker-137] INFO  o.e.m.c.i.embedder.EclipseLogger - Using 'UTF-8' encoding to copy filtered resources.
2020-03-08 17:25:58,000 [Worker-137] INFO  o.e.m.c.i.embedder.EclipseLogger - skip non existing resourceDirectory D:\final plp project\librarymanagement-master\src\main\resources
2020-03-08 17:25:58,001 [Worker-137] INFO  o.e.m.c.i.embedder.EclipseLogger - Using 'UTF-8' encoding to copy filtered resources.
2020-03-08 17:25:58,001 [Worker-137] INFO  o.e.m.c.i.embedder.EclipseLogger - skip non existing resourceDirectory D:\final plp project\librarymanagement-master\src\test\resources
2020-03-08 17:31:46,147 [Worker-140] INFO  o.e.m.c.i.embedder.EclipseLogger - Using 'UTF-8' encoding to copy filtered resources.
2020-03-08 17:31:46,148 [Worker-140] INFO  o.e.m.c.i.embedder.EclipseLogger - skip non existing resourceDirectory D:\final plp project\librarymanagement-master\src\main\resources
2020-03-08 17:31:46,148 [Worker-140] INFO  o.e.m.c.i.embedder.EclipseLogger - Using 'UTF-8' encoding to copy filtered resources.
2020-03-08 17:31:46,149 [Worker-140] INFO  o.e.m.c.i.embedder.EclipseLogger - skip non existing resourceDirectory D:\final plp project\librarymanagement-master\src\test\resources
2020-03-08 17:36:24,263 [Worker-102] INFO  o.e.m.c.i.embedder.EclipseLogger - Using 'UTF-8' encoding to copy filtered resources.
2020-03-08 17:36:24,264 [Worker-102] INFO  o.e.m.c.i.embedder.EclipseLogger - skip non existing resourceDirectory D:\final plp project\librarymanagement-master\src\main\resources
2020-03-08 17:36:24,265 [Worker-102] INFO  o.e.m.c.i.embedder.EclipseLogger - Using 'UTF-8' encoding to copy filtered resources.
2020-03-08 17:36:24,265 [Worker-102] INFO  o.e.m.c.i.embedder.EclipseLogger - skip non existing resourceDirectory D:\final plp project\librarymanagement-master\src\test\resources
2020-03-08 19:45:57,795 [Worker-145] INFO  o.e.m.c.i.embedder.EclipseLogger - Using 'UTF-8' encoding to copy filtered resources.
2020-03-08 19:45:57,796 [Worker-145] INFO  o.e.m.c.i.embedder.EclipseLogger - skip non existing resourceDirectory D:\final plp project\librarymanagement-master\src\main\resources
2020-03-08 19:45:57,800 [Worker-145] INFO  o.e.m.c.i.embedder.EclipseLogger - Using 'UTF-8' encoding to copy filtered resources.
2020-03-08 19:45:57,800 [Worker-145] INFO  o.e.m.c.i.embedder.EclipseLogger - skip non existing resourceDirectory D:\final plp project\librarymanagement-master\src\test\resources
2020-03-08 19:46:37,419 [Worker-148] INFO  o.e.m.c.i.embedder.EclipseLogger - Using 'UTF-8' encoding to copy filtered resources.
2020-03-08 19:46:37,420 [Worker-148] INFO  o.e.m.c.i.embedder.EclipseLogger - skip non existing resourceDirectory D:\final plp project\librarymanagement-master\src\main\resources
2020-03-08 19:46:37,421 [Worker-148] INFO  o.e.m.c.i.embedder.EclipseLogger - Using 'UTF-8' encoding to copy filtered resources.
2020-03-08 19:46:37,421 [Worker-148] INFO  o.e.m.c.i.embedder.EclipseLogger - skip non existing resourceDirectory D:\final plp project\librarymanagement-master\src\test\resources
2020-03-08 19:47:10,335 [Worker-151] INFO  o.e.m.c.i.embedder.EclipseLogger - Using 'UTF-8' encoding to copy filtered resources.
2020-03-08 19:47:10,335 [Worker-151] INFO  o.e.m.c.i.embedder.EclipseLogger - skip non existing resourceDirectory D:\final plp project\librarymanagement-master\src\main\resources
2020-03-08 19:47:10,336 [Worker-151] INFO  o.e.m.c.i.embedder.EclipseLogger - Using 'UTF-8' encoding to copy filtered resources.
2020-03-08 19:47:10,336 [Worker-151] INFO  o.e.m.c.i.embedder.EclipseLogger - skip non existing resourceDirectory D:\final plp project\librarymanagement-master\src\test\resources
2020-03-08 19:47:50,417 [Worker-148] INFO  o.e.m.c.i.embedder.EclipseLogger - Using 'UTF-8' encoding to copy filtered resources.
2020-03-08 19:47:50,418 [Worker-148] INFO  o.e.m.c.i.embedder.EclipseLogger - skip non existing resourceDirectory D:\final plp project\librarymanagement-master\src\main\resources
2020-03-08 19:47:50,419 [Worker-148] INFO  o.e.m.c.i.embedder.EclipseLogger - Using 'UTF-8' encoding to copy filtered resources.
2020-03-08 19:47:50,419 [Worker-148] INFO  o.e.m.c.i.embedder.EclipseLogger - skip non existing resourceDirectory D:\final plp project\librarymanagement-master\src\test\resources
2020-03-08 19:48:25,916 [Worker-150] INFO  o.e.m.c.i.embedder.EclipseLogger - Using 'UTF-8' encoding to copy filtered resources.
2020-03-08 19:48:25,917 [Worker-150] INFO  o.e.m.c.i.embedder.EclipseLogger - skip non existing resourceDirectory D:\final plp project\librarymanagement-master\src\main\resources
2020-03-08 19:48:25,917 [Worker-150] INFO  o.e.m.c.i.embedder.EclipseLogger - Using 'UTF-8' encoding to copy filtered resources.
2020-03-08 19:48:25,917 [Worker-150] INFO  o.e.m.c.i.embedder.EclipseLogger - skip non existing resourceDirectory D:\final plp project\librarymanagement-master\src\test\resources
2020-03-08 19:54:01,354 [Worker-148] INFO  o.e.m.c.i.embedder.EclipseLogger - Using 'UTF-8' encoding to copy filtered resources.
2020-03-08 19:54:01,354 [Worker-148] INFO  o.e.m.c.i.embedder.EclipseLogger - skip non existing resourceDirectory D:\final plp project\librarymanagement-master\src\main\resources
2020-03-08 19:54:01,355 [Worker-148] INFO  o.e.m.c.i.embedder.EclipseLogger - Using 'UTF-8' encoding to copy filtered resources.
2020-03-08 19:54:01,355 [Worker-148] INFO  o.e.m.c.i.embedder.EclipseLogger - skip non existing resourceDirectory D:\final plp project\librarymanagement-master\src\test\resources
2020-03-08 19:54:09,186 [Worker-151] INFO  o.e.m.c.i.embedder.EclipseLogger - Using 'UTF-8' encoding to copy filtered resources.
2020-03-08 19:54:09,186 [Worker-151] INFO  o.e.m.c.i.embedder.EclipseLogger - skip non existing resourceDirectory D:\final plp project\librarymanagement-master\src\main\resources
2020-03-08 19:54:09,187 [Worker-151] INFO  o.e.m.c.i.embedder.EclipseLogger - Using 'UTF-8' encoding to copy filtered resources.
2020-03-08 19:54:09,187 [Worker-151] INFO  o.e.m.c.i.embedder.EclipseLogger - skip non existing resourceDirectory D:\final plp project\librarymanagement-master\src\test\resources
2020-03-08 19:54:23,145 [Worker-150] INFO  o.e.m.c.i.embedder.EclipseLogger - Using 'UTF-8' encoding to copy filtered resources.
2020-03-08 19:54:23,145 [Worker-150] INFO  o.e.m.c.i.embedder.EclipseLogger - skip non existing resourceDirectory D:\final plp project\librarymanagement-master\src\main\resources
2020-03-08 19:54:23,146 [Worker-150] INFO  o.e.m.c.i.embedder.EclipseLogger - Using 'UTF-8' encoding to copy filtered resources.
2020-03-08 19:54:23,146 [Worker-150] INFO  o.e.m.c.i.embedder.EclipseLogger - skip non existing resourceDirectory D:\final plp project\librarymanagement-master\src\test\resources
2020-03-08 19:54:33,288 [Worker-132] INFO  o.e.m.c.i.embedder.EclipseLogger - Using 'UTF-8' encoding to copy filtered resources.
2020-03-08 19:54:33,288 [Worker-132] INFO  o.e.m.c.i.embedder.EclipseLogger - skip non existing resourceDirectory D:\final plp project\librarymanagement-master\src\main\resources
2020-03-08 19:54:33,290 [Worker-132] INFO  o.e.m.c.i.embedder.EclipseLogger - Using 'UTF-8' encoding to copy filtered resources.
2020-03-08 19:54:33,290 [Worker-132] INFO  o.e.m.c.i.embedder.EclipseLogger - skip non existing resourceDirectory D:\final plp project\librarymanagement-master\src\test\resources
2020-03-08 19:54:50,487 [Worker-137] INFO  o.e.m.c.i.embedder.EclipseLogger - Using 'UTF-8' encoding to copy filtered resources.
2020-03-08 19:54:50,487 [Worker-137] INFO  o.e.m.c.i.embedder.EclipseLogger - skip non existing resourceDirectory D:\final plp project\librarymanagement-master\src\main\resources
2020-03-08 19:54:50,489 [Worker-137] INFO  o.e.m.c.i.embedder.EclipseLogger - Using 'UTF-8' encoding to copy filtered resources.
2020-03-08 19:54:50,489 [Worker-137] INFO  o.e.m.c.i.embedder.EclipseLogger - skip non existing resourceDirectory D:\final plp project\librarymanagement-master\src\test\resources
2020-03-08 20:05:29,417 [Worker-155] INFO  o.e.m.c.i.embedder.EclipseLogger - Using 'UTF-8' encoding to copy filtered resources.
2020-03-08 20:05:29,417 [Worker-155] INFO  o.e.m.c.i.embedder.EclipseLogger - skip non existing resourceDirectory D:\final plp project\librarymanagement-master\src\main\resources
2020-03-08 20:05:29,418 [Worker-155] INFO  o.e.m.c.i.embedder.EclipseLogger - Using 'UTF-8' encoding to copy filtered resources.
2020-03-08 20:05:29,418 [Worker-155] INFO  o.e.m.c.i.embedder.EclipseLogger - skip non existing resourceDirectory D:\final plp project\librarymanagement-master\src\test\resources
2020-03-08 20:08:29,653 [Worker-158] INFO  o.e.m.c.i.embedder.EclipseLogger - Using 'UTF-8' encoding to copy filtered resources.
2020-03-08 20:08:29,653 [Worker-158] INFO  o.e.m.c.i.embedder.EclipseLogger - skip non existing resourceDirectory D:\final plp project\librarymanagement-master\src\main\resources
2020-03-08 20:08:29,654 [Worker-158] INFO  o.e.m.c.i.embedder.EclipseLogger - Using 'UTF-8' encoding to copy filtered resources.
2020-03-08 20:08:29,654 [Worker-158] INFO  o.e.m.c.i.embedder.EclipseLogger - skip non existing resourceDirectory D:\final plp project\librarymanagement-master\src\test\resources
2020-03-08 20:09:54,144 [Worker-159] INFO  o.e.m.c.i.embedder.EclipseLogger - Using 'UTF-8' encoding to copy filtered resources.
2020-03-08 20:09:54,144 [Worker-159] INFO  o.e.m.c.i.embedder.EclipseLogger - skip non existing resourceDirectory D:\final plp project\librarymanagement-master\src\main\resources
2020-03-08 20:09:54,145 [Worker-159] INFO  o.e.m.c.i.embedder.EclipseLogger - Using 'UTF-8' encoding to copy filtered resources.
2020-03-08 20:09:54,145 [Worker-159] INFO  o.e.m.c.i.embedder.EclipseLogger - skip non existing resourceDirectory D:\final plp project\librarymanagement-master\src\test\resources
2020-03-08 20:10:25,711 [Worker-159] INFO  o.e.m.c.i.embedder.EclipseLogger - Using 'UTF-8' encoding to copy filtered resources.
2020-03-08 20:10:25,711 [Worker-159] INFO  o.e.m.c.i.embedder.EclipseLogger - skip non existing resourceDirectory D:\final plp project\librarymanagement-master\src\main\resources
2020-03-08 20:10:25,713 [Worker-159] INFO  o.e.m.c.i.embedder.EclipseLogger - Using 'UTF-8' encoding to copy filtered resources.
2020-03-08 20:10:25,713 [Worker-159] INFO  o.e.m.c.i.embedder.EclipseLogger - skip non existing resourceDirectory D:\final plp project\librarymanagement-master\src\test\resources
2020-03-08 20:24:17,914 [Worker-158] INFO  o.e.m.c.i.embedder.EclipseLogger - Using 'UTF-8' encoding to copy filtered resources.
2020-03-08 20:24:17,914 [Worker-158] INFO  o.e.m.c.i.embedder.EclipseLogger - skip non existing resourceDirectory D:\final plp project\librarymanagement-master\src\main\resources
2020-03-08 20:24:17,915 [Worker-158] INFO  o.e.m.c.i.embedder.EclipseLogger - Using 'UTF-8' encoding to copy filtered resources.
2020-03-08 20:24:17,915 [Worker-158] INFO  o.e.m.c.i.embedder.EclipseLogger - skip non existing resourceDirectory D:\final plp project\librarymanagement-master\src\test\resources
2020-03-08 20:29:49,249 [Worker-166] INFO  o.e.m.c.i.embedder.EclipseLogger - Using 'UTF-8' encoding to copy filtered resources.
2020-03-08 20:29:49,249 [Worker-166] INFO  o.e.m.c.i.embedder.EclipseLogger - skip non existing resourceDirectory D:\final plp project\librarymanagement-master\src\main\resources
2020-03-08 20:29:49,250 [Worker-166] INFO  o.e.m.c.i.embedder.EclipseLogger - Using 'UTF-8' encoding to copy filtered resources.
2020-03-08 20:29:49,250 [Worker-166] INFO  o.e.m.c.i.embedder.EclipseLogger - skip non existing resourceDirectory D:\final plp project\librarymanagement-master\src\test\resources
2020-03-08 20:36:29,723 [Worker-171] INFO  o.e.m.c.i.embedder.EclipseLogger - Using 'UTF-8' encoding to copy filtered resources.
2020-03-08 20:36:29,723 [Worker-171] INFO  o.e.m.c.i.embedder.EclipseLogger - skip non existing resourceDirectory D:\final plp project\librarymanagement-master\src\main\resources
2020-03-08 20:36:29,724 [Worker-171] INFO  o.e.m.c.i.embedder.EclipseLogger - Using 'UTF-8' encoding to copy filtered resources.
2020-03-08 20:36:29,724 [Worker-171] INFO  o.e.m.c.i.embedder.EclipseLogger - skip non existing resourceDirectory D:\final plp project\librarymanagement-master\src\test\resources
2020-03-08 20:37:41,001 [Worker-172] INFO  o.e.m.c.i.embedder.EclipseLogger - Using 'UTF-8' encoding to copy filtered resources.
2020-03-08 20:37:41,002 [Worker-172] INFO  o.e.m.c.i.embedder.EclipseLogger - skip non existing resourceDirectory D:\final plp project\librarymanagement-master\src\main\resources
2020-03-08 20:37:41,005 [Worker-172] INFO  o.e.m.c.i.embedder.EclipseLogger - Using 'UTF-8' encoding to copy filtered resources.
2020-03-08 20:37:41,005 [Worker-172] INFO  o.e.m.c.i.embedder.EclipseLogger - skip non existing resourceDirectory D:\final plp project\librarymanagement-master\src\test\resources
2020-03-08 20:37:50,345 [Worker-168] INFO  o.e.m.c.i.embedder.EclipseLogger - Using 'UTF-8' encoding to copy filtered resources.
2020-03-08 20:37:50,345 [Worker-168] INFO  o.e.m.c.i.embedder.EclipseLogger - skip non existing resourceDirectory D:\final plp project\librarymanagement-master\src\main\resources
2020-03-08 20:37:50,346 [Worker-168] INFO  o.e.m.c.i.embedder.EclipseLogger - Using 'UTF-8' encoding to copy filtered resources.
2020-03-08 20:37:50,347 [Worker-168] INFO  o.e.m.c.i.embedder.EclipseLogger - skip non existing resourceDirectory D:\final plp project\librarymanagement-master\src\test\resources
2020-03-08 20:38:24,915 [Worker-158] INFO  o.e.m.c.i.embedder.EclipseLogger - Using 'UTF-8' encoding to copy filtered resources.
2020-03-08 20:38:24,915 [Worker-158] INFO  o.e.m.c.i.embedder.EclipseLogger - skip non existing resourceDirectory D:\final plp project\librarymanagement-master\src\main\resources
2020-03-08 20:38:24,916 [Worker-158] INFO  o.e.m.c.i.embedder.EclipseLogger - Using 'UTF-8' encoding to copy filtered resources.
2020-03-08 20:38:24,917 [Worker-158] INFO  o.e.m.c.i.embedder.EclipseLogger - skip non existing resourceDirectory D:\final plp project\librarymanagement-master\src\test\resources
2020-03-08 20:42:04,698 [Worker-169] INFO  o.e.m.c.i.embedder.EclipseLogger - Using 'UTF-8' encoding to copy filtered resources.
2020-03-08 20:42:04,698 [Worker-169] INFO  o.e.m.c.i.embedder.EclipseLogger - skip non existing resourceDirectory D:\final plp project\librarymanagement-master\src\main\resources
2020-03-08 20:42:04,699 [Worker-169] INFO  o.e.m.c.i.embedder.EclipseLogger - Using 'UTF-8' encoding to copy filtered resources.
2020-03-08 20:42:04,699 [Worker-169] INFO  o.e.m.c.i.embedder.EclipseLogger - skip non existing resourceDirectory D:\final plp project\librarymanagement-master\src\test\resources
2020-03-08 20:42:10,387 [Worker-158] INFO  o.e.m.c.i.embedder.EclipseLogger - Using 'UTF-8' encoding to copy filtered resources.
2020-03-08 20:42:10,387 [Worker-158] INFO  o.e.m.c.i.embedder.EclipseLogger - skip non existing resourceDirectory D:\final plp project\librarymanagement-master\src\main\resources
2020-03-08 20:42:10,388 [Worker-158] INFO  o.e.m.c.i.embedder.EclipseLogger - Using 'UTF-8' encoding to copy filtered resources.
2020-03-08 20:42:10,388 [Worker-158] INFO  o.e.m.c.i.embedder.EclipseLogger - skip non existing resourceDirectory D:\final plp project\librarymanagement-master\src\test\resources
2020-03-08 20:44:40,028 [Worker-178] INFO  o.e.m.c.i.embedder.EclipseLogger - Using 'UTF-8' encoding to copy filtered resources.
2020-03-08 20:44:40,029 [Worker-178] INFO  o.e.m.c.i.embedder.EclipseLogger - skip non existing resourceDirectory D:\final plp project\librarymanagement-master\src\main\resources
2020-03-08 20:44:40,031 [Worker-178] INFO  o.e.m.c.i.embedder.EclipseLogger - Using 'UTF-8' encoding to copy filtered resources.
2020-03-08 20:44:40,031 [Worker-178] INFO  o.e.m.c.i.embedder.EclipseLogger - skip non existing resourceDirectory D:\final plp project\librarymanagement-master\src\test\resources
2020-03-08 20:44:57,864 [Worker-175] INFO  o.e.m.c.i.embedder.EclipseLogger - Using 'UTF-8' encoding to copy filtered resources.
2020-03-08 20:44:57,864 [Worker-175] INFO  o.e.m.c.i.embedder.EclipseLogger - skip non existing resourceDirectory D:\final plp project\librarymanagement-master\src\main\resources
2020-03-08 20:44:57,865 [Worker-175] INFO  o.e.m.c.i.embedder.EclipseLogger - Using 'UTF-8' encoding to copy filtered resources.
2020-03-08 20:44:57,865 [Worker-175] INFO  o.e.m.c.i.embedder.EclipseLogger - skip non existing resourceDirectory D:\final plp project\librarymanagement-master\src\test\resources
2020-03-08 20:45:11,506 [Worker-175] INFO  o.e.m.c.i.embedder.EclipseLogger - Using 'UTF-8' encoding to copy filtered resources.
2020-03-08 20:45:11,507 [Worker-175] INFO  o.e.m.c.i.embedder.EclipseLogger - skip non existing resourceDirectory D:\final plp project\librarymanagement-master\src\main\resources
2020-03-08 20:45:11,508 [Worker-175] INFO  o.e.m.c.i.embedder.EclipseLogger - Using 'UTF-8' encoding to copy filtered resources.
2020-03-08 20:45:11,508 [Worker-175] INFO  o.e.m.c.i.embedder.EclipseLogger - skip non existing resourceDirectory D:\final plp project\librarymanagement-master\src\test\resources
2020-03-08 20:45:22,777 [Worker-178] INFO  o.e.m.c.i.embedder.EclipseLogger - Using 'UTF-8' encoding to copy filtered resources.
2020-03-08 20:45:22,778 [Worker-178] INFO  o.e.m.c.i.embedder.EclipseLogger - skip non existing resourceDirectory D:\final plp project\librarymanagement-master\src\main\resources
2020-03-08 20:45:22,779 [Worker-178] INFO  o.e.m.c.i.embedder.EclipseLogger - Using 'UTF-8' encoding to copy filtered resources.
2020-03-08 20:45:22,779 [Worker-178] INFO  o.e.m.c.i.embedder.EclipseLogger - skip non existing resourceDirectory D:\final plp project\librarymanagement-master\src\test\resources
2020-03-08 20:45:43,102 [Worker-158] INFO  o.e.m.c.i.embedder.EclipseLogger - Using 'UTF-8' encoding to copy filtered resources.
2020-03-08 20:45:43,102 [Worker-158] INFO  o.e.m.c.i.embedder.EclipseLogger - skip non existing resourceDirectory D:\final plp project\librarymanagement-master\src\main\resources
2020-03-08 20:45:43,103 [Worker-158] INFO  o.e.m.c.i.embedder.EclipseLogger - Using 'UTF-8' encoding to copy filtered resources.
2020-03-08 20:45:43,103 [Worker-158] INFO  o.e.m.c.i.embedder.EclipseLogger - skip non existing resourceDirectory D:\final plp project\librarymanagement-master\src\test\resources
2020-03-08 20:45:54,654 [Worker-158] INFO  o.e.m.c.i.embedder.EclipseLogger - Using 'UTF-8' encoding to copy filtered resources.
2020-03-08 20:45:54,654 [Worker-158] INFO  o.e.m.c.i.embedder.EclipseLogger - skip non existing resourceDirectory D:\final plp project\librarymanagement-master\src\main\resources
2020-03-08 20:45:54,655 [Worker-158] INFO  o.e.m.c.i.embedder.EclipseLogger - Using 'UTF-8' encoding to copy filtered resources.
2020-03-08 20:45:54,655 [Worker-158] INFO  o.e.m.c.i.embedder.EclipseLogger - skip non existing resourceDirectory D:\final plp project\librarymanagement-master\src\test\resources
2020-03-08 20:46:05,409 [Worker-177] INFO  o.e.m.c.i.embedder.EclipseLogger - Using 'UTF-8' encoding to copy filtered resources.
2020-03-08 20:46:05,409 [Worker-177] INFO  o.e.m.c.i.embedder.EclipseLogger - skip non existing resourceDirectory D:\final plp project\librarymanagement-master\src\main\resources
2020-03-08 20:46:05,410 [Worker-177] INFO  o.e.m.c.i.embedder.EclipseLogger - Using 'UTF-8' encoding to copy filtered resources.
2020-03-08 20:46:05,410 [Worker-177] INFO  o.e.m.c.i.embedder.EclipseLogger - skip non existing resourceDirectory D:\final plp project\librarymanagement-master\src\test\resources
2020-03-08 20:46:23,095 [Worker-177] INFO  o.e.m.c.i.embedder.EclipseLogger - Using 'UTF-8' encoding to copy filtered resources.
2020-03-08 20:46:23,095 [Worker-177] INFO  o.e.m.c.i.embedder.EclipseLogger - skip non existing resourceDirectory D:\final plp project\librarymanagement-master\src\main\resources
2020-03-08 20:46:23,096 [Worker-177] INFO  o.e.m.c.i.embedder.EclipseLogger - Using 'UTF-8' encoding to copy filtered resources.
2020-03-08 20:46:23,096 [Worker-177] INFO  o.e.m.c.i.embedder.EclipseLogger - skip non existing resourceDirectory D:\final plp project\librarymanagement-master\src\test\resources
2020-03-08 20:47:04,673 [Worker-179] INFO  o.e.m.c.i.embedder.EclipseLogger - Using 'UTF-8' encoding to copy filtered resources.
2020-03-08 20:47:04,674 [Worker-179] INFO  o.e.m.c.i.embedder.EclipseLogger - skip non existing resourceDirectory D:\final plp project\librarymanagement-master\src\main\resources
2020-03-08 20:47:04,676 [Worker-179] INFO  o.e.m.c.i.embedder.EclipseLogger - Using 'UTF-8' encoding to copy filtered resources.
2020-03-08 20:47:04,676 [Worker-179] INFO  o.e.m.c.i.embedder.EclipseLogger - skip non existing resourceDirectory D:\final plp project\librarymanagement-master\src\test\resources
2020-03-08 20:47:09,216 [Worker-179] INFO  o.e.m.c.i.embedder.EclipseLogger - Using 'UTF-8' encoding to copy filtered resources.
2020-03-08 20:47:09,216 [Worker-179] INFO  o.e.m.c.i.embedder.EclipseLogger - skip non existing resourceDirectory D:\final plp project\librarymanagement-master\src\main\resources
2020-03-08 20:47:09,218 [Worker-179] INFO  o.e.m.c.i.embedder.EclipseLogger - Using 'UTF-8' encoding to copy filtered resources.
2020-03-08 20:47:09,218 [Worker-179] INFO  o.e.m.c.i.embedder.EclipseLogger - skip non existing resourceDirectory D:\final plp project\librarymanagement-master\src\test\resources
2020-03-08 20:47:18,315 [Worker-179] INFO  o.e.m.c.i.embedder.EclipseLogger - Using 'UTF-8' encoding to copy filtered resources.
2020-03-08 20:47:18,315 [Worker-179] INFO  o.e.m.c.i.embedder.EclipseLogger - skip non existing resourceDirectory D:\final plp project\librarymanagement-master\src\main\resources
2020-03-08 20:47:18,317 [Worker-179] INFO  o.e.m.c.i.embedder.EclipseLogger - Using 'UTF-8' encoding to copy filtered resources.
2020-03-08 20:47:18,318 [Worker-179] INFO  o.e.m.c.i.embedder.EclipseLogger - skip non existing resourceDirectory D:\final plp project\librarymanagement-master\src\test\resources
2020-03-08 20:47:54,036 [Worker-178] INFO  o.e.m.c.i.embedder.EclipseLogger - Using 'UTF-8' encoding to copy filtered resources.
2020-03-08 20:47:54,037 [Worker-178] INFO  o.e.m.c.i.embedder.EclipseLogger - skip non existing resourceDirectory D:\final plp project\librarymanagement-master\src\main\resources
2020-03-08 20:47:54,038 [Worker-178] INFO  o.e.m.c.i.embedder.EclipseLogger - Using 'UTF-8' encoding to copy filtered resources.
2020-03-08 20:47:54,038 [Worker-178] INFO  o.e.m.c.i.embedder.EclipseLogger - skip non existing resourceDirectory D:\final plp project\librarymanagement-master\src\test\resources
2020-03-08 21:00:35,287 [Worker-177] INFO  o.e.m.c.i.embedder.EclipseLogger - Using 'UTF-8' encoding to copy filtered resources.
2020-03-08 21:00:35,287 [Worker-177] INFO  o.e.m.c.i.embedder.EclipseLogger - skip non existing resourceDirectory D:\final plp project\librarymanagement-master\src\main\resources
2020-03-08 21:00:35,288 [Worker-177] INFO  o.e.m.c.i.embedder.EclipseLogger - Using 'UTF-8' encoding to copy filtered resources.
2020-03-08 21:00:35,288 [Worker-177] INFO  o.e.m.c.i.embedder.EclipseLogger - skip non existing resourceDirectory D:\final plp project\librarymanagement-master\src\test\resources
2020-03-08 21:04:28,663 [Worker-177] INFO  o.e.m.c.i.embedder.EclipseLogger - Using 'UTF-8' encoding to copy filtered resources.
2020-03-08 21:04:28,663 [Worker-177] INFO  o.e.m.c.i.embedder.EclipseLogger - skip non existing resourceDirectory D:\final plp project\librarymanagement-master\src\main\resources
2020-03-08 21:04:28,664 [Worker-177] INFO  o.e.m.c.i.embedder.EclipseLogger - Using 'UTF-8' encoding to copy filtered resources.
2020-03-08 21:04:28,664 [Worker-177] INFO  o.e.m.c.i.embedder.EclipseLogger - skip non existing resourceDirectory D:\final plp project\librarymanagement-master\src\test\resources
2020-03-08 21:07:44,180 [Worker-184] INFO  o.e.m.c.i.embedder.EclipseLogger - Using 'UTF-8' encoding to copy filtered resources.
2020-03-08 21:07:44,180 [Worker-184] INFO  o.e.m.c.i.embedder.EclipseLogger - skip non existing resourceDirectory D:\final plp project\librarymanagement-master\src\main\resources
2020-03-08 21:07:44,181 [Worker-184] INFO  o.e.m.c.i.embedder.EclipseLogger - Using 'UTF-8' encoding to copy filtered resources.
2020-03-08 21:07:44,181 [Worker-184] INFO  o.e.m.c.i.embedder.EclipseLogger - skip non existing resourceDirectory D:\final plp project\librarymanagement-master\src\test\resources
2020-03-08 21:09:31,808 [Worker-186] INFO  o.e.m.c.i.embedder.EclipseLogger - Using 'UTF-8' encoding to copy filtered resources.
2020-03-08 21:09:31,808 [Worker-186] INFO  o.e.m.c.i.embedder.EclipseLogger - skip non existing resourceDirectory D:\final plp project\librarymanagement-master\src\main\resources
2020-03-08 21:09:31,810 [Worker-186] INFO  o.e.m.c.i.embedder.EclipseLogger - Using 'UTF-8' encoding to copy filtered resources.
2020-03-08 21:09:31,810 [Worker-186] INFO  o.e.m.c.i.embedder.EclipseLogger - skip non existing resourceDirectory D:\final plp project\librarymanagement-master\src\test\resources
2020-03-08 21:10:45,291 [Worker-188] INFO  o.e.m.c.i.embedder.EclipseLogger - Using 'UTF-8' encoding to copy filtered resources.
2020-03-08 21:10:45,291 [Worker-188] INFO  o.e.m.c.i.embedder.EclipseLogger - skip non existing resourceDirectory D:\final plp project\librarymanagement-master\src\main\resources
2020-03-08 21:10:45,292 [Worker-188] INFO  o.e.m.c.i.embedder.EclipseLogger - Using 'UTF-8' encoding to copy filtered resources.
2020-03-08 21:10:45,292 [Worker-188] INFO  o.e.m.c.i.embedder.EclipseLogger - skip non existing resourceDirectory D:\final plp project\librarymanagement-master\src\test\resources
2020-03-08 22:19:53,573 [Worker-189] INFO  o.e.m.c.i.embedder.EclipseLogger - Using 'UTF-8' encoding to copy filtered resources.
2020-03-08 22:19:53,573 [Worker-189] INFO  o.e.m.c.i.embedder.EclipseLogger - skip non existing resourceDirectory D:\final plp project\librarymanagement-master\src\main\resources
2020-03-08 22:19:53,574 [Worker-189] INFO  o.e.m.c.i.embedder.EclipseLogger - Using 'UTF-8' encoding to copy filtered resources.
2020-03-08 22:19:53,575 [Worker-189] INFO  o.e.m.c.i.embedder.EclipseLogger - skip non existing resourceDirectory D:\final plp project\librarymanagement-master\src\test\resources
2020-03-08 22:20:33,719 [Worker-196] INFO  o.e.m.c.i.embedder.EclipseLogger - Using 'UTF-8' encoding to copy filtered resources.
2020-03-08 22:20:33,719 [Worker-196] INFO  o.e.m.c.i.embedder.EclipseLogger - skip non existing resourceDirectory D:\final plp project\librarymanagement-master\src\main\resources
2020-03-08 22:20:33,720 [Worker-196] INFO  o.e.m.c.i.embedder.EclipseLogger - Using 'UTF-8' encoding to copy filtered resources.
2020-03-08 22:20:33,720 [Worker-196] INFO  o.e.m.c.i.embedder.EclipseLogger - skip non existing resourceDirectory D:\final plp project\librarymanagement-master\src\test\resources
2020-03-08 22:21:02,868 [Worker-195] INFO  o.e.m.c.i.embedder.EclipseLogger - Using 'UTF-8' encoding to copy filtered resources.
2020-03-08 22:21:02,868 [Worker-195] INFO  o.e.m.c.i.embedder.EclipseLogger - skip non existing resourceDirectory D:\final plp project\librarymanagement-master\src\main\resources
2020-03-08 22:21:02,869 [Worker-195] INFO  o.e.m.c.i.embedder.EclipseLogger - Using 'UTF-8' encoding to copy filtered resources.
2020-03-08 22:21:02,869 [Worker-195] INFO  o.e.m.c.i.embedder.EclipseLogger - skip non existing resourceDirectory D:\final plp project\librarymanagement-master\src\test\resources
2020-03-08 22:22:25,885 [Worker-193] INFO  o.e.m.c.i.embedder.EclipseLogger - Using 'UTF-8' encoding to copy filtered resources.
2020-03-08 22:22:25,885 [Worker-193] INFO  o.e.m.c.i.embedder.EclipseLogger - skip non existing resourceDirectory D:\final plp project\librarymanagement-master\src\main\resources
2020-03-08 22:22:25,886 [Worker-193] INFO  o.e.m.c.i.embedder.EclipseLogger - Using 'UTF-8' encoding to copy filtered resources.
2020-03-08 22:22:25,886 [Worker-193] INFO  o.e.m.c.i.embedder.EclipseLogger - skip non existing resourceDirectory D:\final plp project\librarymanagement-master\src\test\resources
2020-03-08 22:22:52,973 [Worker-196] INFO  o.e.m.c.i.embedder.EclipseLogger - Using 'UTF-8' encoding to copy filtered resources.
2020-03-08 22:22:52,974 [Worker-196] INFO  o.e.m.c.i.embedder.EclipseLogger - skip non existing resourceDirectory D:\final plp project\librarymanagement-master\src\main\resources
2020-03-08 22:22:52,974 [Worker-196] INFO  o.e.m.c.i.embedder.EclipseLogger - Using 'UTF-8' encoding to copy filtered resources.
2020-03-08 22:22:52,974 [Worker-196] INFO  o.e.m.c.i.embedder.EclipseLogger - skip non existing resourceDirectory D:\final plp project\librarymanagement-master\src\test\resources
2020-03-08 22:23:25,698 [Worker-196] INFO  o.e.m.c.i.embedder.EclipseLogger - Using 'UTF-8' encoding to copy filtered resources.
2020-03-08 22:23:25,699 [Worker-196] INFO  o.e.m.c.i.embedder.EclipseLogger - skip non existing resourceDirectory D:\final plp project\librarymanagement-master\src\main\resources
2020-03-08 22:23:25,699 [Worker-196] INFO  o.e.m.c.i.embedder.EclipseLogger - Using 'UTF-8' encoding to copy filtered resources.
2020-03-08 22:23:25,699 [Worker-196] INFO  o.e.m.c.i.embedder.EclipseLogger - skip non existing resourceDirectory D:\final plp project\librarymanagement-master\src\test\resources
2020-03-08 22:26:14,335 [Worker-197] INFO  o.e.m.c.i.embedder.EclipseLogger - Using 'UTF-8' encoding to copy filtered resources.
2020-03-08 22:26:14,335 [Worker-197] INFO  o.e.m.c.i.embedder.EclipseLogger - skip non existing resourceDirectory D:\final plp project\librarymanagement-master\src\main\resources
2020-03-08 22:26:14,336 [Worker-197] INFO  o.e.m.c.i.embedder.EclipseLogger - Using 'UTF-8' encoding to copy filtered resources.
2020-03-08 22:26:14,337 [Worker-197] INFO  o.e.m.c.i.embedder.EclipseLogger - skip non existing resourceDirectory D:\final plp project\librarymanagement-master\src\test\resources
2020-03-08 22:26:35,840 [Worker-193] INFO  o.e.m.c.i.embedder.EclipseLogger - Using 'UTF-8' encoding to copy filtered resources.
2020-03-08 22:26:35,840 [Worker-193] INFO  o.e.m.c.i.embedder.EclipseLogger - skip non existing resourceDirectory D:\final plp project\librarymanagement-master\src\main\resources
2020-03-08 22:26:35,842 [Worker-193] INFO  o.e.m.c.i.embedder.EclipseLogger - Using 'UTF-8' encoding to copy filtered resources.
2020-03-08 22:26:35,842 [Worker-193] INFO  o.e.m.c.i.embedder.EclipseLogger - skip non existing resourceDirectory D:\final plp project\librarymanagement-master\src\test\resources
2020-03-08 22:27:13,986 [Worker-194] INFO  o.e.m.c.i.embedder.EclipseLogger - Using 'UTF-8' encoding to copy filtered resources.
2020-03-08 22:27:13,986 [Worker-194] INFO  o.e.m.c.i.embedder.EclipseLogger - skip non existing resourceDirectory D:\final plp project\librarymanagement-master\src\main\resources
2020-03-08 22:27:13,988 [Worker-194] INFO  o.e.m.c.i.embedder.EclipseLogger - Using 'UTF-8' encoding to copy filtered resources.
2020-03-08 22:27:13,988 [Worker-194] INFO  o.e.m.c.i.embedder.EclipseLogger - skip non existing resourceDirectory D:\final plp project\librarymanagement-master\src\test\resources
2020-03-08 22:27:37,532 [Worker-196] INFO  o.e.m.c.i.embedder.EclipseLogger - Using 'UTF-8' encoding to copy filtered resources.
2020-03-08 22:27:37,532 [Worker-196] INFO  o.e.m.c.i.embedder.EclipseLogger - skip non existing resourceDirectory D:\final plp project\librarymanagement-master\src\main\resources
2020-03-08 22:27:37,534 [Worker-196] INFO  o.e.m.c.i.embedder.EclipseLogger - Using 'UTF-8' encoding to copy filtered resources.
2020-03-08 22:27:37,534 [Worker-196] INFO  o.e.m.c.i.embedder.EclipseLogger - skip non existing resourceDirectory D:\final plp project\librarymanagement-master\src\test\resources
2020-03-08 22:28:09,007 [Worker-197] INFO  o.e.m.c.i.embedder.EclipseLogger - Using 'UTF-8' encoding to copy filtered resources.
2020-03-08 22:28:09,008 [Worker-197] INFO  o.e.m.c.i.embedder.EclipseLogger - skip non existing resourceDirectory D:\final plp project\librarymanagement-master\src\main\resources
2020-03-08 22:28:09,010 [Worker-197] INFO  o.e.m.c.i.embedder.EclipseLogger - Using 'UTF-8' encoding to copy filtered resources.
2020-03-08 22:28:09,010 [Worker-197] INFO  o.e.m.c.i.embedder.EclipseLogger - skip non existing resourceDirectory D:\final plp project\librarymanagement-master\src\test\resources
2020-03-08 22:28:11,591 [Worker-194] INFO  o.e.m.c.i.embedder.EclipseLogger - Using 'UTF-8' encoding to copy filtered resources.
2020-03-08 22:28:11,592 [Worker-194] INFO  o.e.m.c.i.embedder.EclipseLogger - skip non existing resourceDirectory D:\final plp project\librarymanagement-master\src\main\resources
2020-03-08 22:28:11,594 [Worker-194] INFO  o.e.m.c.i.embedder.EclipseLogger - Using 'UTF-8' encoding to copy filtered resources.
2020-03-08 22:28:11,595 [Worker-194] INFO  o.e.m.c.i.embedder.EclipseLogger - skip non existing resourceDirectory D:\final plp project\librarymanagement-master\src\test\resources
2020-03-08 22:28:58,322 [Worker-189] INFO  o.e.m.c.i.embedder.EclipseLogger - Using 'UTF-8' encoding to copy filtered resources.
2020-03-08 22:28:58,323 [Worker-189] INFO  o.e.m.c.i.embedder.EclipseLogger - skip non existing resourceDirectory D:\final plp project\librarymanagement-master\src\main\resources
2020-03-08 22:28:58,324 [Worker-189] INFO  o.e.m.c.i.embedder.EclipseLogger - Using 'UTF-8' encoding to copy filtered resources.
2020-03-08 22:28:58,324 [Worker-189] INFO  o.e.m.c.i.embedder.EclipseLogger - skip non existing resourceDirectory D:\final plp project\librarymanagement-master\src\test\resources
2020-03-09 05:48:43,579 [Worker-202] INFO  o.e.m.c.i.embedder.EclipseLogger - Using 'UTF-8' encoding to copy filtered resources.
2020-03-09 05:48:43,579 [Worker-202] INFO  o.e.m.c.i.embedder.EclipseLogger - skip non existing resourceDirectory D:\final plp project\librarymanagement-master\src\main\resources
2020-03-09 05:48:43,580 [Worker-202] INFO  o.e.m.c.i.embedder.EclipseLogger - Using 'UTF-8' encoding to copy filtered resources.
2020-03-09 05:48:43,581 [Worker-202] INFO  o.e.m.c.i.embedder.EclipseLogger - skip non existing resourceDirectory D:\final plp project\librarymanagement-master\src\test\resources
2020-03-09 05:49:18,932 [Worker-203] INFO  o.e.m.c.i.embedder.EclipseLogger - Using 'UTF-8' encoding to copy filtered resources.
2020-03-09 05:49:18,933 [Worker-203] INFO  o.e.m.c.i.embedder.EclipseLogger - skip non existing resourceDirectory D:\final plp project\librarymanagement-master\src\main\resources
2020-03-09 05:49:18,934 [Worker-203] INFO  o.e.m.c.i.embedder.EclipseLogger - Using 'UTF-8' encoding to copy filtered resources.
2020-03-09 05:49:18,934 [Worker-203] INFO  o.e.m.c.i.embedder.EclipseLogger - skip non existing resourceDirectory D:\final plp project\librarymanagement-master\src\test\resources
2020-03-09 05:51:58,979 [Worker-203] INFO  o.e.m.c.i.embedder.EclipseLogger - Using 'UTF-8' encoding to copy filtered resources.
2020-03-09 05:51:58,980 [Worker-203] INFO  o.e.m.c.i.embedder.EclipseLogger - skip non existing resourceDirectory D:\final plp project\librarymanagement-master\src\main\resources
2020-03-09 05:51:58,980 [Worker-203] INFO  o.e.m.c.i.embedder.EclipseLogger - Using 'UTF-8' encoding to copy filtered resources.
2020-03-09 05:51:58,981 [Worker-203] INFO  o.e.m.c.i.embedder.EclipseLogger - skip non existing resourceDirectory D:\final plp project\librarymanagement-master\src\test\resources
2020-03-09 05:52:34,022 [Worker-204] INFO  o.e.m.c.i.embedder.EclipseLogger - Using 'UTF-8' encoding to copy filtered resources.
2020-03-09 05:52:34,022 [Worker-204] INFO  o.e.m.c.i.embedder.EclipseLogger - skip non existing resourceDirectory D:\final plp project\librarymanagement-master\src\main\resources
2020-03-09 05:52:34,023 [Worker-204] INFO  o.e.m.c.i.embedder.EclipseLogger - Using 'UTF-8' encoding to copy filtered resources.
2020-03-09 05:52:34,023 [Worker-204] INFO  o.e.m.c.i.embedder.EclipseLogger - skip non existing resourceDirectory D:\final plp project\librarymanagement-master\src\test\resources
2020-03-09 05:52:43,301 [Worker-204] INFO  o.e.m.c.i.embedder.EclipseLogger - Using 'UTF-8' encoding to copy filtered resources.
2020-03-09 05:52:43,302 [Worker-204] INFO  o.e.m.c.i.embedder.EclipseLogger - skip non existing resourceDirectory D:\final plp project\librarymanagement-master\src\main\resources
2020-03-09 05:52:43,303 [Worker-204] INFO  o.e.m.c.i.embedder.EclipseLogger - Using 'UTF-8' encoding to copy filtered resources.
2020-03-09 05:52:43,303 [Worker-204] INFO  o.e.m.c.i.embedder.EclipseLogger - skip non existing resourceDirectory D:\final plp project\librarymanagement-master\src\test\resources
2020-03-09 06:00:59,644 [Worker-204] INFO  o.e.m.c.i.embedder.EclipseLogger - Using 'UTF-8' encoding to copy filtered resources.
2020-03-09 06:00:59,644 [Worker-204] INFO  o.e.m.c.i.embedder.EclipseLogger - skip non existing resourceDirectory D:\final plp project\librarymanagement-master\src\main\resources
2020-03-09 06:00:59,645 [Worker-204] INFO  o.e.m.c.i.embedder.EclipseLogger - Using 'UTF-8' encoding to copy filtered resources.
2020-03-09 06:00:59,645 [Worker-204] INFO  o.e.m.c.i.embedder.EclipseLogger - skip non existing resourceDirectory D:\final plp project\librarymanagement-master\src\test\resources
2020-03-09 06:06:21,728 [Worker-207] INFO  o.e.m.c.i.embedder.EclipseLogger - Using 'UTF-8' encoding to copy filtered resources.
2020-03-09 06:06:21,729 [Worker-207] INFO  o.e.m.c.i.embedder.EclipseLogger - skip non existing resourceDirectory D:\final plp project\librarymanagement-master\src\main\resources
2020-03-09 06:06:21,729 [Worker-207] INFO  o.e.m.c.i.embedder.EclipseLogger - Using 'UTF-8' encoding to copy filtered resources.
2020-03-09 06:06:21,729 [Worker-207] INFO  o.e.m.c.i.embedder.EclipseLogger - skip non existing resourceDirectory D:\final plp project\librarymanagement-master\src\test\resources
2020-03-09 06:08:06,597 [Worker-207] INFO  o.e.m.c.i.embedder.EclipseLogger - Using 'UTF-8' encoding to copy filtered resources.
2020-03-09 06:08:06,597 [Worker-207] INFO  o.e.m.c.i.embedder.EclipseLogger - skip non existing resourceDirectory D:\final plp project\librarymanagement-master\src\main\resources
2020-03-09 06:08:06,598 [Worker-207] INFO  o.e.m.c.i.embedder.EclipseLogger - Using 'UTF-8' encoding to copy filtered resources.
2020-03-09 06:08:06,598 [Worker-207] INFO  o.e.m.c.i.embedder.EclipseLogger - skip non existing resourceDirectory D:\final plp project\librarymanagement-master\src\test\resources
2020-03-09 06:08:19,440 [Worker-206] INFO  o.e.m.c.i.embedder.EclipseLogger - Using 'UTF-8' encoding to copy filtered resources.
2020-03-09 06:08:19,440 [Worker-206] INFO  o.e.m.c.i.embedder.EclipseLogger - skip non existing resourceDirectory D:\final plp project\librarymanagement-master\src\main\resources
2020-03-09 06:08:19,441 [Worker-206] INFO  o.e.m.c.i.embedder.EclipseLogger - Using 'UTF-8' encoding to copy filtered resources.
2020-03-09 06:08:19,441 [Worker-206] INFO  o.e.m.c.i.embedder.EclipseLogger - skip non existing resourceDirectory D:\final plp project\librarymanagement-master\src\test\resources
2020-03-09 06:08:47,372 [Worker-202] INFO  o.e.m.c.i.embedder.EclipseLogger - Using 'UTF-8' encoding to copy filtered resources.
2020-03-09 06:08:47,372 [Worker-202] INFO  o.e.m.c.i.embedder.EclipseLogger - skip non existing resourceDirectory D:\final plp project\librarymanagement-master\src\main\resources
2020-03-09 06:08:47,373 [Worker-202] INFO  o.e.m.c.i.embedder.EclipseLogger - Using 'UTF-8' encoding to copy filtered resources.
2020-03-09 06:08:47,373 [Worker-202] INFO  o.e.m.c.i.embedder.EclipseLogger - skip non existing resourceDirectory D:\final plp project\librarymanagement-master\src\test\resources
2020-03-09 06:09:35,884 [Worker-202] INFO  o.e.m.c.i.embedder.EclipseLogger - Using 'UTF-8' encoding to copy filtered resources.
2020-03-09 06:09:35,885 [Worker-202] INFO  o.e.m.c.i.embedder.EclipseLogger - skip non existing resourceDirectory D:\final plp project\librarymanagement-master\src\main\resources
2020-03-09 06:09:35,886 [Worker-202] INFO  o.e.m.c.i.embedder.EclipseLogger - Using 'UTF-8' encoding to copy filtered resources.
2020-03-09 06:09:35,886 [Worker-202] INFO  o.e.m.c.i.embedder.EclipseLogger - skip non existing resourceDirectory D:\final plp project\librarymanagement-master\src\test\resources
2020-03-09 06:09:58,003 [Worker-206] INFO  o.e.m.c.i.embedder.EclipseLogger - Using 'UTF-8' encoding to copy filtered resources.
2020-03-09 06:09:58,003 [Worker-206] INFO  o.e.m.c.i.embedder.EclipseLogger - skip non existing resourceDirectory D:\final plp project\librarymanagement-master\src\main\resources
2020-03-09 06:09:58,004 [Worker-206] INFO  o.e.m.c.i.embedder.EclipseLogger - Using 'UTF-8' encoding to copy filtered resources.
2020-03-09 06:09:58,004 [Worker-206] INFO  o.e.m.c.i.embedder.EclipseLogger - skip non existing resourceDirectory D:\final plp project\librarymanagement-master\src\test\resources
2020-03-09 06:10:10,012 [Worker-208] INFO  o.e.m.c.i.embedder.EclipseLogger - Using 'UTF-8' encoding to copy filtered resources.
2020-03-09 06:10:10,012 [Worker-208] INFO  o.e.m.c.i.embedder.EclipseLogger - skip non existing resourceDirectory D:\final plp project\librarymanagement-master\src\main\resources
2020-03-09 06:10:10,013 [Worker-208] INFO  o.e.m.c.i.embedder.EclipseLogger - Using 'UTF-8' encoding to copy filtered resources.
2020-03-09 06:10:10,013 [Worker-208] INFO  o.e.m.c.i.embedder.EclipseLogger - skip non existing resourceDirectory D:\final plp project\librarymanagement-master\src\test\resources
2020-03-09 06:10:18,566 [Worker-200] INFO  o.e.m.c.i.embedder.EclipseLogger - Using 'UTF-8' encoding to copy filtered resources.
2020-03-09 06:10:18,567 [Worker-200] INFO  o.e.m.c.i.embedder.EclipseLogger - skip non existing resourceDirectory D:\final plp project\librarymanagement-master\src\main\resources
2020-03-09 06:10:18,567 [Worker-200] INFO  o.e.m.c.i.embedder.EclipseLogger - Using 'UTF-8' encoding to copy filtered resources.
2020-03-09 06:10:18,567 [Worker-200] INFO  o.e.m.c.i.embedder.EclipseLogger - skip non existing resourceDirectory D:\final plp project\librarymanagement-master\src\test\resources
2020-03-09 06:10:27,087 [Worker-202] INFO  o.e.m.c.i.embedder.EclipseLogger - Using 'UTF-8' encoding to copy filtered resources.
2020-03-09 06:10:27,087 [Worker-202] INFO  o.e.m.c.i.embedder.EclipseLogger - skip non existing resourceDirectory D:\final plp project\librarymanagement-master\src\main\resources
2020-03-09 06:10:27,088 [Worker-202] INFO  o.e.m.c.i.embedder.EclipseLogger - Using 'UTF-8' encoding to copy filtered resources.
2020-03-09 06:10:27,088 [Worker-202] INFO  o.e.m.c.i.embedder.EclipseLogger - skip non existing resourceDirectory D:\final plp project\librarymanagement-master\src\test\resources
2020-03-09 06:10:34,448 [Worker-206] INFO  o.e.m.c.i.embedder.EclipseLogger - Using 'UTF-8' encoding to copy filtered resources.
2020-03-09 06:10:34,448 [Worker-206] INFO  o.e.m.c.i.embedder.EclipseLogger - skip non existing resourceDirectory D:\final plp project\librarymanagement-master\src\main\resources
2020-03-09 06:10:34,449 [Worker-206] INFO  o.e.m.c.i.embedder.EclipseLogger - Using 'UTF-8' encoding to copy filtered resources.
2020-03-09 06:10:34,449 [Worker-206] INFO  o.e.m.c.i.embedder.EclipseLogger - skip non existing resourceDirectory D:\final plp project\librarymanagement-master\src\test\resources
2020-03-09 06:10:50,003 [Worker-207] INFO  o.e.m.c.i.embedder.EclipseLogger - Using 'UTF-8' encoding to copy filtered resources.
2020-03-09 06:10:50,003 [Worker-207] INFO  o.e.m.c.i.embedder.EclipseLogger - skip non existing resourceDirectory D:\final plp project\librarymanagement-master\src\main\resources
2020-03-09 06:10:50,004 [Worker-207] INFO  o.e.m.c.i.embedder.EclipseLogger - Using 'UTF-8' encoding to copy filtered resources.
2020-03-09 06:10:50,004 [Worker-207] INFO  o.e.m.c.i.embedder.EclipseLogger - skip non existing resourceDirectory D:\final plp project\librarymanagement-master\src\test\resources
2020-03-09 06:13:20,043 [Worker-207] INFO  o.e.m.c.i.embedder.EclipseLogger - Using 'UTF-8' encoding to copy filtered resources.
2020-03-09 06:13:20,043 [Worker-207] INFO  o.e.m.c.i.embedder.EclipseLogger - skip non existing resourceDirectory D:\final plp project\librarymanagement-master\src\main\resources
2020-03-09 06:13:20,044 [Worker-207] INFO  o.e.m.c.i.embedder.EclipseLogger - Using 'UTF-8' encoding to copy filtered resources.
2020-03-09 06:13:20,044 [Worker-207] INFO  o.e.m.c.i.embedder.EclipseLogger - skip non existing resourceDirectory D:\final plp project\librarymanagement-master\src\test\resources
2020-03-09 06:13:35,446 [Worker-207] INFO  o.e.m.c.i.embedder.EclipseLogger - Using 'UTF-8' encoding to copy filtered resources.
2020-03-09 06:13:35,446 [Worker-207] INFO  o.e.m.c.i.embedder.EclipseLogger - skip non existing resourceDirectory D:\final plp project\librarymanagement-master\src\main\resources
2020-03-09 06:13:35,447 [Worker-207] INFO  o.e.m.c.i.embedder.EclipseLogger - Using 'UTF-8' encoding to copy filtered resources.
2020-03-09 06:13:35,447 [Worker-207] INFO  o.e.m.c.i.embedder.EclipseLogger - skip non existing resourceDirectory D:\final plp project\librarymanagement-master\src\test\resources
2020-03-09 06:13:55,835 [Worker-204] INFO  o.e.m.c.i.embedder.EclipseLogger - Using 'UTF-8' encoding to copy filtered resources.
2020-03-09 06:13:55,835 [Worker-204] INFO  o.e.m.c.i.embedder.EclipseLogger - skip non existing resourceDirectory D:\final plp project\librarymanagement-master\src\main\resources
2020-03-09 06:13:55,835 [Worker-204] INFO  o.e.m.c.i.embedder.EclipseLogger - Using 'UTF-8' encoding to copy filtered resources.
2020-03-09 06:13:55,835 [Worker-204] INFO  o.e.m.c.i.embedder.EclipseLogger - skip non existing resourceDirectory D:\final plp project\librarymanagement-master\src\test\resources
2020-03-09 06:13:57,922 [Worker-202] INFO  o.e.m.c.i.embedder.EclipseLogger - Using 'UTF-8' encoding to copy filtered resources.
2020-03-09 06:13:57,922 [Worker-202] INFO  o.e.m.c.i.embedder.EclipseLogger - skip non existing resourceDirectory D:\final plp project\librarymanagement-master\src\main\resources
2020-03-09 06:13:57,923 [Worker-202] INFO  o.e.m.c.i.embedder.EclipseLogger - Using 'UTF-8' encoding to copy filtered resources.
2020-03-09 06:13:57,923 [Worker-202] INFO  o.e.m.c.i.embedder.EclipseLogger - skip non existing resourceDirectory D:\final plp project\librarymanagement-master\src\test\resources
2020-03-09 06:14:06,581 [Worker-207] INFO  o.e.m.c.i.embedder.EclipseLogger - Using 'UTF-8' encoding to copy filtered resources.
2020-03-09 06:14:06,582 [Worker-207] INFO  o.e.m.c.i.embedder.EclipseLogger - skip non existing resourceDirectory D:\final plp project\librarymanagement-master\src\main\resources
2020-03-09 06:14:06,582 [Worker-207] INFO  o.e.m.c.i.embedder.EclipseLogger - Using 'UTF-8' encoding to copy filtered resources.
2020-03-09 06:14:06,583 [Worker-207] INFO  o.e.m.c.i.embedder.EclipseLogger - skip non existing resourceDirectory D:\final plp project\librarymanagement-master\src\test\resources
2020-03-09 06:14:21,817 [Worker-202] INFO  o.e.m.c.i.embedder.EclipseLogger - Using 'UTF-8' encoding to copy filtered resources.
2020-03-09 06:14:21,818 [Worker-202] INFO  o.e.m.c.i.embedder.EclipseLogger - skip non existing resourceDirectory D:\final plp project\librarymanagement-master\src\main\resources
2020-03-09 06:14:21,818 [Worker-202] INFO  o.e.m.c.i.embedder.EclipseLogger - Using 'UTF-8' encoding to copy filtered resources.
2020-03-09 06:14:21,818 [Worker-202] INFO  o.e.m.c.i.embedder.EclipseLogger - skip non existing resourceDirectory D:\final plp project\librarymanagement-master\src\test\resources
2020-03-09 06:15:54,810 [Worker-208] INFO  o.e.m.c.i.embedder.EclipseLogger - Using 'UTF-8' encoding to copy filtered resources.
2020-03-09 06:15:54,810 [Worker-208] INFO  o.e.m.c.i.embedder.EclipseLogger - skip non existing resourceDirectory D:\final plp project\librarymanagement-master\src\main\resources
2020-03-09 06:15:54,811 [Worker-208] INFO  o.e.m.c.i.embedder.EclipseLogger - Using 'UTF-8' encoding to copy filtered resources.
2020-03-09 06:15:54,811 [Worker-208] INFO  o.e.m.c.i.embedder.EclipseLogger - skip non existing resourceDirectory D:\final plp project\librarymanagement-master\src\test\resources
2020-03-09 06:20:48,020 [Worker-204] INFO  o.e.m.c.i.embedder.EclipseLogger - Using 'UTF-8' encoding to copy filtered resources.
2020-03-09 06:20:48,020 [Worker-204] INFO  o.e.m.c.i.embedder.EclipseLogger - skip non existing resourceDirectory D:\final plp project\librarymanagement-master\src\main\resources
2020-03-09 06:20:48,021 [Worker-204] INFO  o.e.m.c.i.embedder.EclipseLogger - Using 'UTF-8' encoding to copy filtered resources.
2020-03-09 06:20:48,021 [Worker-204] INFO  o.e.m.c.i.embedder.EclipseLogger - skip non existing resourceDirectory D:\final plp project\librarymanagement-master\src\test\resources
2020-03-09 06:28:59,667 [Worker-209] INFO  o.e.m.c.i.embedder.EclipseLogger - Using 'UTF-8' encoding to copy filtered resources.
2020-03-09 06:28:59,667 [Worker-209] INFO  o.e.m.c.i.embedder.EclipseLogger - skip non existing resourceDirectory D:\final plp project\librarymanagement-master\src\main\resources
2020-03-09 06:28:59,668 [Worker-209] INFO  o.e.m.c.i.embedder.EclipseLogger - Using 'UTF-8' encoding to copy filtered resources.
2020-03-09 06:28:59,668 [Worker-209] INFO  o.e.m.c.i.embedder.EclipseLogger - skip non existing resourceDirectory D:\final plp project\librarymanagement-master\src\test\resources
2020-03-09 06:39:21,266 [Worker-182] INFO  o.e.m.c.i.embedder.EclipseLogger - Using 'UTF-8' encoding to copy filtered resources.
2020-03-09 06:39:21,266 [Worker-182] INFO  o.e.m.c.i.embedder.EclipseLogger - skip non existing resourceDirectory D:\final plp project\librarymanagement-master\src\main\resources
2020-03-09 06:39:21,266 [Worker-182] INFO  o.e.m.c.i.embedder.EclipseLogger - Using 'UTF-8' encoding to copy filtered resources.
2020-03-09 06:39:21,266 [Worker-182] INFO  o.e.m.c.i.embedder.EclipseLogger - skip non existing resourceDirectory D:\final plp project\librarymanagement-master\src\test\resources
2020-03-09 06:43:28,073 [Worker-209] INFO  o.e.m.c.i.embedder.EclipseLogger - Using 'UTF-8' encoding to copy filtered resources.
2020-03-09 06:43:28,073 [Worker-209] INFO  o.e.m.c.i.embedder.EclipseLogger - skip non existing resourceDirectory D:\final plp project\librarymanagement-master\src\main\resources
2020-03-09 06:43:28,073 [Worker-209] INFO  o.e.m.c.i.embedder.EclipseLogger - Using 'UTF-8' encoding to copy filtered resources.
2020-03-09 06:43:28,074 [Worker-209] INFO  o.e.m.c.i.embedder.EclipseLogger - skip non existing resourceDirectory D:\final plp project\librarymanagement-master\src\test\resources
2020-03-09 06:48:25,544 [Worker-3] INFO  c.g.t.t.d.PublishedGradleVersions - Gradle version information cache is out-of-date. Trying to update.
2020-03-09 06:48:25,763 [Worker-3] INFO  c.g.t.t.d.PublishedGradleVersions - Updating Gradle version information cache failed. Using outdated cache.
2020-03-09 06:48:30,507 [Worker-0] INFO  o.e.m.c.i.embedder.EclipseLogger - Using 'UTF-8' encoding to copy filtered resources.
2020-03-09 06:48:30,508 [Worker-0] INFO  o.e.m.c.i.embedder.EclipseLogger - skip non existing resourceDirectory D:\final plp project\librarymanagement-master\src\main\resources
2020-03-09 06:48:30,511 [Worker-0] INFO  o.e.m.c.i.embedder.EclipseLogger - Using 'UTF-8' encoding to copy filtered resources.
2020-03-09 06:48:30,512 [Worker-0] INFO  o.e.m.c.i.embedder.EclipseLogger - skip non existing resourceDirectory D:\final plp project\librarymanagement-master\src\test\resources
2020-03-09 06:50:23,320 [Worker-5] INFO  o.e.m.c.i.embedder.EclipseLogger - Using 'UTF-8' encoding to copy filtered resources.
2020-03-09 06:50:23,321 [Worker-5] INFO  o.e.m.c.i.embedder.EclipseLogger - skip non existing resourceDirectory D:\final plp project\librarymanagement-master\src\main\resources
2020-03-09 06:50:23,323 [Worker-5] INFO  o.e.m.c.i.embedder.EclipseLogger - Using 'UTF-8' encoding to copy filtered resources.
2020-03-09 06:50:23,323 [Worker-5] INFO  o.e.m.c.i.embedder.EclipseLogger - skip non existing resourceDirectory D:\final plp project\librarymanagement-master\src\test\resources
2020-03-09 06:58:00,682 [Worker-3] INFO  o.e.m.c.i.embedder.EclipseLogger - Using 'UTF-8' encoding to copy filtered resources.
2020-03-09 06:58:00,682 [Worker-3] INFO  o.e.m.c.i.embedder.EclipseLogger - skip non existing resourceDirectory D:\final plp project\librarymanagement-master\src\main\resources
2020-03-09 06:58:00,684 [Worker-3] INFO  o.e.m.c.i.embedder.EclipseLogger - Using 'UTF-8' encoding to copy filtered resources.
2020-03-09 06:58:00,684 [Worker-3] INFO  o.e.m.c.i.embedder.EclipseLogger - skip non existing resourceDirectory D:\final plp project\librarymanagement-master\src\test\resources
2020-03-09 07:02:03,238 [Worker-4] INFO  o.e.m.c.i.embedder.EclipseLogger - Using 'UTF-8' encoding to copy filtered resources.
2020-03-09 07:02:03,238 [Worker-4] INFO  o.e.m.c.i.embedder.EclipseLogger - skip non existing resourceDirectory D:\final plp project\librarymanagement-master\src\main\resources
2020-03-09 07:02:03,240 [Worker-4] INFO  o.e.m.c.i.embedder.EclipseLogger - Using 'UTF-8' encoding to copy filtered resources.
2020-03-09 07:02:03,240 [Worker-4] INFO  o.e.m.c.i.embedder.EclipseLogger - skip non existing resourceDirectory D:\final plp project\librarymanagement-master\src\test\resources
2020-03-09 07:04:43,335 [Worker-12] INFO  o.e.m.c.i.embedder.EclipseLogger - Using 'UTF-8' encoding to copy filtered resources.
2020-03-09 07:04:43,336 [Worker-12] INFO  o.e.m.c.i.embedder.EclipseLogger - skip non existing resourceDirectory D:\final plp project\librarymanagement-master\src\main\resources
2020-03-09 07:04:43,337 [Worker-12] INFO  o.e.m.c.i.embedder.EclipseLogger - Using 'UTF-8' encoding to copy filtered resources.
2020-03-09 07:04:43,338 [Worker-12] INFO  o.e.m.c.i.embedder.EclipseLogger - skip non existing resourceDirectory D:\final plp project\librarymanagement-master\src\test\resources
2020-03-09 07:06:24,760 [Worker-13] INFO  o.e.m.c.i.embedder.EclipseLogger - Using 'UTF-8' encoding to copy filtered resources.
2020-03-09 07:06:24,761 [Worker-13] INFO  o.e.m.c.i.embedder.EclipseLogger - skip non existing resourceDirectory D:\final plp project\librarymanagement-master\src\main\resources
2020-03-09 07:06:24,762 [Worker-13] INFO  o.e.m.c.i.embedder.EclipseLogger - Using 'UTF-8' encoding to copy filtered resources.
2020-03-09 07:06:24,763 [Worker-13] INFO  o.e.m.c.i.embedder.EclipseLogger - skip non existing resourceDirectory D:\final plp project\librarymanagement-master\src\test\resources
